============================================================
Time  2016/03/10 17:38:59 885 
============================================================
[2016/03/10 17:38:59 885] isr_1conn  2088 SYS_MSG_LOAD_CLOUD  
[2016/03/10 17:38:59 886] isr_1conn  2109 SYS_MSG_REGCB_CLOUD param0 =   msp_status_cb  param1 =  func(72c9f130) 
[2016/03/10 17:38:59 887] isr_1conn  2109 SYS_MSG_REGCB_CLOUD param0 =   cloud_rslt_cb  param1 =  func(72c9fde0) 
[2016/03/10 17:38:59 887] isr_1conn  2109 SYS_MSG_REGCB_CLOUD param0 =   cloud_err_cb  param1 =  func(72c9ff10) 
[2016/03/10 17:38:59 888] isr_1conn  2109 SYS_MSG_REGCB_CLOUD param0 =   cloud_status_cb  param1 =  func(72c9ffd0) 
[2016/03/10 17:38:59 889] isr_1conn  1382 onesoc  
[2016/03/10 17:38:59 889] isr_1conn  1383 ASR_CLOUD_MSG_SSB  
[2016/03/10 17:38:59 890] isr_1conn  1398 isr_1conn  cloud_cisr1PdHHBHbLraftIGVaaWFx0c0dZBwTx  268436457  1428405382  
[2016/03/10 17:38:59 891] isr_1conn  1466 not login!  
[2016/03/10 17:38:59 891] isr_1conn  1578 nil  
[2016/03/10 17:38:59 892] isr_1conn  1647 speex-wb  
[2016/03/10 17:38:59 892] isr_1conn  1713 once bytes  122  
[2016/03/10 17:38:59 894] isr_1conn  1734 User set url is   nil  
[2016/03/10 17:38:59 894] transport  596  paramkvsport is   nil  
[2016/03/10 17:38:59 894] transport  801  net type:  standard  
[2016/03/10 17:38:59 895] transport  802  net operator:  def  
[2016/03/10 17:38:59 895] transport  803  use proxy:  false  
[2016/03/10 17:38:59 901] network    85   ipfromenv ,  ipcache  dev.voicecloud.cn  def  nil  
[2016/03/10 17:38:59 901] transport  1033 ns_i =  nil  
[2016/03/10 17:39:00 072] isr_1conn  1758 ASR_CLOUD_MSG_AUW  6400  1  
[2016/03/10 17:39:00 202] isr_1conn  288  netperf:  98  
[2016/03/10 17:39:00 273] isr_1conn  1758 ASR_CLOUD_MSG_AUW  6400  2  
[2016/03/10 17:39:00 475] isr_1conn  1758 ASR_CLOUD_MSG_AUW  6400  2  
[2016/03/10 17:39:00 502] isr_1conn  288  netperf:  89  
[2016/03/10 17:39:00 676] isr_1conn  1758 ASR_CLOUD_MSG_AUW  6400  2  
[2016/03/10 17:39:00 803] isr_1conn  288  netperf:  79  
[2016/03/10 17:39:00 876] isr_1conn  1758 ASR_CLOUD_MSG_AUW  6400  2  
[2016/03/10 17:39:01 077] isr_1conn  1758 ASR_CLOUD_MSG_AUW  6400  2  
[2016/03/10 17:39:01 104] isr_1conn  288  netperf:  60  
[2016/03/10 17:39:01 278] isr_1conn  1758 ASR_CLOUD_MSG_AUW  6400  2  
[2016/03/10 17:39:01 405] isr_1conn  288  netperf:  51  
[2016/03/10 17:39:01 479] isr_1conn  1758 ASR_CLOUD_MSG_AUW  6400  2  
[2016/03/10 17:39:01 680] isr_1conn  1758 ASR_CLOUD_MSG_AUW  6400  2  
[2016/03/10 17:39:01 706] isr_1conn  288  netperf:  42  
[2016/03/10 17:39:01 881] isr_1conn  1758 ASR_CLOUD_MSG_AUW  6400  2  
[2016/03/10 17:39:02 007] isr_1conn  288  netperf:  34  
[2016/03/10 17:39:02 081] isr_1conn  1758 ASR_CLOUD_MSG_AUW  6400  2  
[2016/03/10 17:39:02 288] isr_1conn  1758 ASR_CLOUD_MSG_AUW  6400  2  
[2016/03/10 17:39:02 289] isr_1conn  1758 ASR_CLOUD_MSG_AUW  6400  2  
[2016/03/10 17:39:02 311] isr_1conn  288  netperf:  27  
[2016/03/10 17:39:02 479] isr_1conn  1758 ASR_CLOUD_MSG_AUW  2880  4  
[2016/03/10 17:39:02 479] isr_1conn  1779 starttimer status_cb_timeout, timeout is:  3000  
[2016/03/10 17:39:02 479] isr_1conn  1788 audio len:  86080  
[2016/03/10 17:39:02 480] isr_1conn  1791 drate:   0  
[2016/03/10 17:39:02 480] isr_1conn  1794 user  
[2016/03/10 17:39:02 480] isr_1conn  1803 drate, start local.  
[2016/03/10 17:39:02 612] isr_1conn  288  netperf:  18  
[2016/03/10 17:39:02 913] isr_1conn  288  netperf:  10  
[2016/03/10 17:39:03 215] isr_1conn  288  netperf:  11  
[2016/03/10 17:39:03 516] isr_1conn  288  netperf:  13  
[2016/03/10 17:39:03 818] isr_1conn  288  netperf:  14  
[2016/03/10 17:39:04 118] isr_1conn  288  netperf:  15  
[2016/03/10 17:39:04 420] isr_1conn  288  netperf:  16  
[2016/03/10 17:39:04 721] isr_1conn  288  netperf:  17  
[2016/03/10 17:39:04 902] transport  302  [dns] [0] timeout!   
[2016/03/10 17:39:04 907] network    85   ipfromenv ,  ipcache  dev.voicecloud.cn  def  nil  
[2016/03/10 17:39:04 912] network    85   ipfromenv ,  ipcfg  dev.voicecloud.cn  def  nil  
[2016/03/10 17:39:04 913] transport  1108 [soc] connect   116.213.69.195  80  
[2016/03/10 17:39:05 022] isr_1conn  288  netperf:  18  
[2016/03/10 17:39:05 323] isr_1conn  288  netperf:  19  
[2016/03/10 17:39:05 480] isr_1conn  236  The called number of status_cb_timeout:  1  
[2016/03/10 17:39:05 624] isr_1conn  288  netperf:  10  
[2016/03/10 17:39:05 925] isr_1conn  288  netperf:  11  
[2016/03/10 17:39:06 226] isr_1conn  288  netperf:  12  
[2016/03/10 17:39:06 527] isr_1conn  288  netperf:  14  
[2016/03/10 17:39:06 829] isr_1conn  288  netperf:  15  
[2016/03/10 17:39:07 130] isr_1conn  288  netperf:  16  
[2016/03/10 17:39:07 431] isr_1conn  288  netperf:  17  
[2016/03/10 17:39:07 732] isr_1conn  288  netperf:  19  
[2016/03/10 17:39:08 033] isr_1conn  288  netperf:  10  
[2016/03/10 17:39:08 335] isr_1conn  288  netperf:  11  
[2016/03/10 17:39:08 482] isr_1conn  236  The called number of status_cb_timeout:  2  
[2016/03/10 17:39:08 636] isr_1conn  288  netperf:  12  
[2016/03/10 17:39:08 937] isr_1conn  288  netperf:  14  
[2016/03/10 17:39:09 238] isr_1conn  288  netperf:  15  
[2016/03/10 17:39:09 540] isr_1conn  288  netperf:  16  
[2016/03/10 17:39:09 841] isr_1conn  288  netperf:  17  
[2016/03/10 17:39:09 917] transport  315  soc_conn_failed  
[2016/03/10 17:39:09 917] network    90   iptoenv ,  ipcache  dev.voicecloud.cn  def  nil  
[2016/03/10 17:39:09 923] transport  384  switch 80  
[2016/03/10 17:39:09 926] transport  403  MSC:[soc] [0] conn timeout!  
[2016/03/10 17:39:09 926] transport  1139 [soc] disconnect   
[2016/03/10 17:39:09 927] transport  406  soc_conn_timeout, try2conn_times =  1  
[2016/03/10 17:39:09 932] network    85   ipfromenv ,  ipcache  dev.voicecloud.cn  def  nil  
[2016/03/10 17:39:09 932] transport  1033 ns_i =  nil  
[2016/03/10 17:39:10 144] isr_1conn  288  netperf:  10  
[2016/03/10 17:39:10 446] isr_1conn  288  netperf:  12  
[2016/03/10 17:39:10 747] isr_1conn  288  netperf:  14  
[2016/03/10 17:39:11 049] isr_1conn  288  netperf:  15  
[2016/03/10 17:39:11 350] isr_1conn  288  netperf:  17  
[2016/03/10 17:39:11 483] isr_1conn  236  The called number of status_cb_timeout:  3  
[2016/03/10 17:39:11 651] isr_1conn  288  netperf:  17  
[2016/03/10 17:39:11 952] isr_1conn  288  netperf:  18  
[2016/03/10 17:39:12 253] isr_1conn  288  netperf:  19  
[2016/03/10 17:39:12 554] isr_1conn  288  netperf:  11  
[2016/03/10 17:39:12 855] isr_1conn  288  netperf:  12  
[2016/03/10 17:39:13 156] isr_1conn  288  netperf:  13  
[2016/03/10 17:39:13 457] isr_1conn  288  netperf:  14  
[2016/03/10 17:39:13 759] isr_1conn  288  netperf:  15  
[2016/03/10 17:39:14 060] isr_1conn  288  netperf:  16  
[2016/03/10 17:39:14 361] isr_1conn  288  netperf:  17  
[2016/03/10 17:39:14 485] isr_1conn  236  The called number of status_cb_timeout:  4  
[2016/03/10 17:39:14 662] isr_1conn  288  netperf:  18  
[2016/03/10 17:39:14 933] transport  302  [dns] [0] timeout!   
[2016/03/10 17:39:14 939] network    85   ipfromenv ,  ipcache  dev.voicecloud.cn  def  nil  
[2016/03/10 17:39:14 944] network    85   ipfromenv ,  ipcfg  dev.voicecloud.cn  def  nil  
[2016/03/10 17:39:14 944] transport  1108 [soc] connect   116.213.69.195  80  
[2016/03/10 17:39:14 963] isr_1conn  288  netperf:  10  
[2016/03/10 17:39:15 264] isr_1conn  288  netperf:  11  
[2016/03/10 17:39:15 566] isr_1conn  288  netperf:  12  
[2016/03/10 17:39:15 867] isr_1conn  288  netperf:  14  
[2016/03/10 17:39:16 169] isr_1conn  288  netperf:  15  
[2016/03/10 17:39:16 470] isr_1conn  288  netperf:  16  
[2016/03/10 17:39:16 771] isr_1conn  288  netperf:  18  
[2016/03/10 17:39:17 073] isr_1conn  288  netperf:  19  
[2016/03/10 17:39:17 374] isr_1conn  288  netperf:  10  
[2016/03/10 17:39:17 477] isr_1conn  754  start a new session  
[2016/03/10 17:39:17 483] network    85   ipfromenv ,  ipcache  dev.voicecloud.cn  def  nil  
[2016/03/10 17:39:17 483] transport  868  iplist not avail  
[2016/03/10 17:39:17 484] transport  1139 [soc] disconnect   
[2016/03/10 17:39:17 487] isr_1conn  1154 no_audio is true  
[2016/03/10 17:39:17 488] isr_1conn  1182 [session] send 1th audio  
[2016/03/10 17:39:17 488] isr_1conn  1184 totalsz =   8174  
[2016/03/10 17:39:17 502] isr_1conn  1187 start netperf_fs_timer  
[2016/03/10 17:39:17 503] isr_1conn  1208 [session] send last audio!  
[2016/03/10 17:39:17 675] isr_1conn  288  netperf:  11  
[2016/03/10 17:39:17 980] isr_1conn  288  netperf:  17  
[2016/03/10 17:39:18 281] isr_1conn  288  netperf:  18  
[2016/03/10 17:39:18 303] isr_1conn  333  send_ok_num, timer_num, send_average =   0  2  0  
[2016/03/10 17:39:18 304] isr_1conn  336  netperf =   30  
[2016/03/10 17:39:18 304] isr_1conn  337  start netperf_other_timer  
[2016/03/10 17:39:18 582] isr_1conn  288  netperf:  18  
[2016/03/10 17:39:18 705] isr_1conn  315  send_ok_num, timer_num, send_average =   0  3  0  
[2016/03/10 17:39:18 705] isr_1conn  318  netperf =   30  
[2016/03/10 17:39:18 884] isr_1conn  288  netperf:  10  
[2016/03/10 17:39:19 105] isr_1conn  315  send_ok_num, timer_num, send_average =   0  4  0  
[2016/03/10 17:39:19 106] isr_1conn  318  netperf =   30  
[2016/03/10 17:39:19 185] isr_1conn  288  netperf:  11  
[2016/03/10 17:39:19 486] isr_1conn  288  netperf:  12  
[2016/03/10 17:39:19 507] isr_1conn  315  send_ok_num, timer_num, send_average =   0  5  0  
[2016/03/10 17:39:19 508] isr_1conn  318  netperf =   30  
[2016/03/10 17:39:19 787] isr_1conn  288  netperf:  13  
[2016/03/10 17:39:19 909] isr_1conn  315  send_ok_num, timer_num, send_average =   0  6  0  
[2016/03/10 17:39:19 910] isr_1conn  318  netperf =   30  
[2016/03/10 17:39:20 088] isr_1conn  288  netperf:  14  
[2016/03/10 17:39:20 311] isr_1conn  315  send_ok_num, timer_num, send_average =   0  7  0  
[2016/03/10 17:39:20 313] isr_1conn  318  netperf =   30  
[2016/03/10 17:39:20 390] isr_1conn  288  netperf:  16  
[2016/03/10 17:39:20 692] isr_1conn  288  netperf:  18  
[2016/03/10 17:39:20 713] isr_1conn  315  send_ok_num, timer_num, send_average =   0  8  0  
[2016/03/10 17:39:20 714] isr_1conn  318  netperf =   30  
[2016/03/10 17:39:20 994] isr_1conn  288  netperf:  11  
[2016/03/10 17:39:21 115] isr_1conn  315  send_ok_num, timer_num, send_average =   0  9  0  
[2016/03/10 17:39:21 117] isr_1conn  318  netperf =   30  
[2016/03/10 17:39:21 296] isr_1conn  288  netperf:  13  
[2016/03/10 17:39:21 518] isr_1conn  315  send_ok_num, timer_num, send_average =   0  10  0  
[2016/03/10 17:39:21 518] isr_1conn  318  netperf =   30  
[2016/03/10 17:39:21 597] isr_1conn  288  netperf:  14  
[2016/03/10 17:39:21 899] isr_1conn  288  netperf:  15  
[2016/03/10 17:39:21 919] isr_1conn  315  send_ok_num, timer_num, send_average =   0  11  0  
[2016/03/10 17:39:21 920] isr_1conn  318  netperf =   30  
[2016/03/10 17:39:22 200] isr_1conn  288  netperf:  16  
[2016/03/10 17:39:22 321] isr_1conn  315  send_ok_num, timer_num, send_average =   0  12  0  
[2016/03/10 17:39:22 322] isr_1conn  318  netperf =   30  
[2016/03/10 17:39:22 501] isr_1conn  288  netperf:  18  
[2016/03/10 17:39:22 722] isr_1conn  315  send_ok_num, timer_num, send_average =   0  13  0  
[2016/03/10 17:39:22 722] isr_1conn  318  netperf =   30  
[2016/03/10 17:39:22 803] isr_1conn  288  netperf:  19  
[2016/03/10 17:39:23 104] isr_1conn  288  netperf:  11  
[2016/03/10 17:39:23 123] isr_1conn  315  send_ok_num, timer_num, send_average =   0  14  0  
[2016/03/10 17:39:23 124] isr_1conn  318  netperf =   30  
[2016/03/10 17:39:23 405] isr_1conn  288  netperf:  11  
[2016/03/10 17:39:23 525] isr_1conn  315  send_ok_num, timer_num, send_average =   0  15  0  
[2016/03/10 17:39:23 525] isr_1conn  318  netperf =   30  
[2016/03/10 17:39:23 706] isr_1conn  288  netperf:  13  
[2016/03/10 17:39:23 927] isr_1conn  315  send_ok_num, timer_num, send_average =   0  16  0  
[2016/03/10 17:39:23 927] isr_1conn  318  netperf =   30  
[2016/03/10 17:39:24 007] isr_1conn  288  netperf:  13  
[2016/03/10 17:39:24 308] isr_1conn  288  netperf:  15  
[2016/03/10 17:39:24 328] isr_1conn  315  send_ok_num, timer_num, send_average =   0  17  0  
[2016/03/10 17:39:24 329] isr_1conn  318  netperf =   30  
[2016/03/10 17:39:24 609] isr_1conn  288  netperf:  15  
[2016/03/10 17:39:24 730] isr_1conn  315  send_ok_num, timer_num, send_average =   0  18  0  
[2016/03/10 17:39:24 730] isr_1conn  318  netperf =   30  
[2016/03/10 17:39:24 911] isr_1conn  288  netperf:  17  
[2016/03/10 17:39:25 131] isr_1conn  315  send_ok_num, timer_num, send_average =   0  19  0  
[2016/03/10 17:39:25 132] isr_1conn  318  netperf =   30  
[2016/03/10 17:39:25 213] isr_1conn  288  netperf:  19  
[2016/03/10 17:39:25 514] isr_1conn  288  netperf:  10  
[2016/03/10 17:39:25 533] isr_1conn  315  send_ok_num, timer_num, send_average =   0  20  0  
[2016/03/10 17:39:25 533] isr_1conn  318  netperf =   30  
[2016/03/10 17:39:25 815] isr_1conn  288  netperf:  12  
[2016/03/10 17:39:25 934] isr_1conn  315  send_ok_num, timer_num, send_average =   0  21  0  
[2016/03/10 17:39:25 935] isr_1conn  318  netperf =   30  
[2016/03/10 17:39:26 116] isr_1conn  288  netperf:  12  
[2016/03/10 17:39:26 336] isr_1conn  315  send_ok_num, timer_num, send_average =   0  22  0  
[2016/03/10 17:39:26 337] isr_1conn  318  netperf =   30  
[2016/03/10 17:39:26 417] isr_1conn  288  netperf:  13  
[2016/03/10 17:39:26 717] isr_1conn  288  netperf:  14  
[2016/03/10 17:39:26 738] isr_1conn  315  send_ok_num, timer_num, send_average =   0  23  0  
[2016/03/10 17:39:26 738] isr_1conn  318  netperf =   30  
[2016/03/10 17:39:27 019] isr_1conn  288  netperf:  15  
[2016/03/10 17:39:27 139] isr_1conn  315  send_ok_num, timer_num, send_average =   0  24  0  
[2016/03/10 17:39:27 140] isr_1conn  318  netperf =   30  
[2016/03/10 17:39:27 320] isr_1conn  288  netperf:  17  
[2016/03/10 17:39:27 478] isr_1conn  2151 netperf_session_timeout =   20  
[2016/03/10 17:39:27 479] isr_1conn  2154 MSC:session timeout!  
[2016/03/10 17:39:27 540] isr_1conn  315  send_ok_num, timer_num, send_average =   0  25  0  
[2016/03/10 17:39:27 541] isr_1conn  318  netperf =   30  
[2016/03/10 17:39:27 623] isr_1conn  288  netperf:  19  
[2016/03/10 17:39:27 924] isr_1conn  288  netperf:  10  
[2016/03/10 17:39:27 941] isr_1conn  315  send_ok_num, timer_num, send_average =   0  26  0  
[2016/03/10 17:39:27 941] isr_1conn  318  netperf =   30  
[2016/03/10 17:39:28 225] isr_1conn  288  netperf:  12  
[2016/03/10 17:39:28 342] isr_1conn  315  send_ok_num, timer_num, send_average =   0  27  0  
[2016/03/10 17:39:28 343] isr_1conn  318  netperf =   30  
[2016/03/10 17:39:28 526] isr_1conn  288  netperf:  12  
[2016/03/10 17:39:28 744] isr_1conn  315  send_ok_num, timer_num, send_average =   0  28  0  
[2016/03/10 17:39:28 744] isr_1conn  318  netperf =   30  
[2016/03/10 17:39:28 827] isr_1conn  288  netperf:  13  
[2016/03/10 17:39:29 128] isr_1conn  288  netperf:  15  
[2016/03/10 17:39:29 145] isr_1conn  315  send_ok_num, timer_num, send_average =   0  29  0  
[2016/03/10 17:39:29 146] isr_1conn  318  netperf =   30  
[2016/03/10 17:39:29 429] isr_1conn  288  netperf:  16  
[2016/03/10 17:39:29 546] isr_1conn  315  send_ok_num, timer_num, send_average =   0  30  0  
[2016/03/10 17:39:29 547] isr_1conn  318  netperf =   30  
[2016/03/10 17:39:29 730] isr_1conn  288  netperf:  17  
[2016/03/10 17:39:29 947] isr_1conn  315  send_ok_num, timer_num, send_average =   0  31  0  
[2016/03/10 17:39:29 949] isr_1conn  318  netperf =   30  
[2016/03/10 17:39:30 031] isr_1conn  288  netperf:  18  
[2016/03/10 17:39:30 333] isr_1conn  288  netperf:  19  
[2016/03/10 17:39:30 348] isr_1conn  315  send_ok_num, timer_num, send_average =   0  32  0  
[2016/03/10 17:39:30 349] isr_1conn  318  netperf =   30  
[2016/03/10 17:39:30 635] isr_1conn  288  netperf:  11  
[2016/03/10 17:39:30 750] isr_1conn  315  send_ok_num, timer_num, send_average =   0  33  0  
[2016/03/10 17:39:30 751] isr_1conn  318  netperf =   30  
[2016/03/10 17:39:30 937] isr_1conn  288  netperf:  13  
[2016/03/10 17:39:31 152] isr_1conn  315  send_ok_num, timer_num, send_average =   0  34  0  
[2016/03/10 17:39:31 153] isr_1conn  318  netperf =   30  
[2016/03/10 17:39:31 238] isr_1conn  288  netperf:  15  
[2016/03/10 17:39:31 540] isr_1conn  288  netperf:  16  
[2016/03/10 17:39:31 554] isr_1conn  315  send_ok_num, timer_num, send_average =   0  35  0  
[2016/03/10 17:39:31 555] isr_1conn  318  netperf =   30  
[2016/03/10 17:39:31 843] isr_1conn  288  netperf:  19  
[2016/03/10 17:39:31 955] isr_1conn  315  send_ok_num, timer_num, send_average =   0  36  0  
[2016/03/10 17:39:31 956] isr_1conn  318  netperf =   30  
[2016/03/10 17:39:32 144] isr_1conn  288  netperf:  11  
[2016/03/10 17:39:32 357] isr_1conn  315  send_ok_num, timer_num, send_average =   0  37  0  
[2016/03/10 17:39:32 357] isr_1conn  318  netperf =   30  
[2016/03/10 17:39:32 446] isr_1conn  288  netperf:  12  
[2016/03/10 17:39:32 748] isr_1conn  288  netperf:  15  
[2016/03/10 17:39:32 758] isr_1conn  315  send_ok_num, timer_num, send_average =   0  38  0  
[2016/03/10 17:39:32 759] isr_1conn  318  netperf =   30  
[2016/03/10 17:39:33 050] isr_1conn  288  netperf:  17  
[2016/03/10 17:39:33 159] isr_1conn  315  send_ok_num, timer_num, send_average =   0  39  0  
[2016/03/10 17:39:33 160] isr_1conn  318  netperf =   30  
[2016/03/10 17:39:33 351] isr_1conn  288  netperf:  17  
[2016/03/10 17:39:33 561] isr_1conn  315  send_ok_num, timer_num, send_average =   0  40  0  
[2016/03/10 17:39:33 562] isr_1conn  318  netperf =   30  
[2016/03/10 17:39:33 652] isr_1conn  288  netperf:  18  
[2016/03/10 17:39:33 953] isr_1conn  288  netperf:  19  
[2016/03/10 17:39:33 963] isr_1conn  315  send_ok_num, timer_num, send_average =   0  41  0  
[2016/03/10 17:39:33 964] isr_1conn  318  netperf =   30  
[2016/03/10 17:39:34 255] isr_1conn  288  netperf:  11  
[2016/03/10 17:39:34 364] isr_1conn  315  send_ok_num, timer_num, send_average =   0  42  0  
[2016/03/10 17:39:34 364] isr_1conn  318  netperf =   30  
[2016/03/10 17:39:34 556] isr_1conn  288  netperf:  13  
[2016/03/10 17:39:34 765] isr_1conn  315  send_ok_num, timer_num, send_average =   0  43  0  
[2016/03/10 17:39:34 766] isr_1conn  318  netperf =   30  
[2016/03/10 17:39:34 857] isr_1conn  288  netperf:  13  
[2016/03/10 17:39:35 158] isr_1conn  288  netperf:  14  
[2016/03/10 17:39:35 167] isr_1conn  315  send_ok_num, timer_num, send_average =   0  44  0  
[2016/03/10 17:39:35 168] isr_1conn  318  netperf =   30  
[2016/03/10 17:39:35 459] isr_1conn  288  netperf:  16  
[2016/03/10 17:39:35 569] isr_1conn  315  send_ok_num, timer_num, send_average =   0  45  0  
[2016/03/10 17:39:35 570] isr_1conn  318  netperf =   30  
[2016/03/10 17:39:35 761] isr_1conn  288  netperf:  18  
[2016/03/10 17:39:35 971] isr_1conn  315  send_ok_num, timer_num, send_average =   0  46  0  
[2016/03/10 17:39:35 972] isr_1conn  318  netperf =   30  
[2016/03/10 17:39:36 064] isr_1conn  288  netperf:  10  
[2016/03/10 17:39:36 366] isr_1conn  288  netperf:  12  
[2016/03/10 17:39:36 372] isr_1conn  315  send_ok_num, timer_num, send_average =   0  47  0  
[2016/03/10 17:39:36 374] isr_1conn  318  netperf =   30  
[2016/03/10 17:39:36 668] isr_1conn  288  netperf:  14  
[2016/03/10 17:39:36 774] isr_1conn  315  send_ok_num, timer_num, send_average =   0  48  0  
[2016/03/10 17:39:36 775] isr_1conn  318  netperf =   30  
[2016/03/10 17:39:36 971] isr_1conn  288  netperf:  17  
[2016/03/10 17:39:37 175] isr_1conn  315  send_ok_num, timer_num, send_average =   0  49  0  
[2016/03/10 17:39:37 176] isr_1conn  318  netperf =   30  
[2016/03/10 17:39:37 272] isr_1conn  288  netperf:  19  
[2016/03/10 17:39:37 574] isr_1conn  288  netperf:  10  
[2016/03/10 17:39:37 577] isr_1conn  315  send_ok_num, timer_num, send_average =   0  50  0  
[2016/03/10 17:39:37 578] isr_1conn  318  netperf =   30  
[2016/03/10 17:39:38 032] isr_1conn  288  netperf:  18  
[2016/03/10 17:39:38 033] isr_1conn  315  send_ok_num, timer_num, send_average =   0  51  0  
[2016/03/10 17:39:38 034] isr_1conn  318  netperf =   30  
[2016/03/10 17:39:38 333] isr_1conn  288  netperf:  19  
[2016/03/10 17:39:38 435] isr_1conn  315  send_ok_num, timer_num, send_average =   0  52  0  
[2016/03/10 17:39:38 436] isr_1conn  318  netperf =   30  
[2016/03/10 17:39:38 634] isr_1conn  288  netperf:  11  
[2016/03/10 17:39:38 837] isr_1conn  315  send_ok_num, timer_num, send_average =   0  53  0  
[2016/03/10 17:39:38 838] isr_1conn  318  netperf =   30  
[2016/03/10 17:39:38 935] isr_1conn  288  netperf:  11  
[2016/03/10 17:39:39 236] isr_1conn  288  netperf:  12  
[2016/03/10 17:39:39 239] isr_1conn  315  send_ok_num, timer_num, send_average =   0  54  0  
[2016/03/10 17:39:39 239] isr_1conn  318  netperf =   30  
[2016/03/10 17:39:39 537] isr_1conn  288  netperf:  13  
[2016/03/10 17:39:39 641] isr_1conn  315  send_ok_num, timer_num, send_average =   0  55  0  
[2016/03/10 17:39:39 641] isr_1conn  318  netperf =   30  
[2016/03/10 17:39:39 838] isr_1conn  288  netperf:  14  
[2016/03/10 17:39:40 042] isr_1conn  315  send_ok_num, timer_num, send_average =   0  56  0  
[2016/03/10 17:39:40 043] isr_1conn  318  netperf =   30  
[2016/03/10 17:39:40 139] isr_1conn  288  netperf:  15  
[2016/03/10 17:39:40 440] isr_1conn  288  netperf:  16  
[2016/03/10 17:39:40 444] isr_1conn  315  send_ok_num, timer_num, send_average =   0  57  0  
[2016/03/10 17:39:40 445] isr_1conn  318  netperf =   30  
[2016/03/10 17:39:40 741] isr_1conn  288  netperf:  18  
[2016/03/10 17:39:40 846] isr_1conn  315  send_ok_num, timer_num, send_average =   0  58  0  
[2016/03/10 17:39:40 846] isr_1conn  318  netperf =   30  
[2016/03/10 17:39:41 042] isr_1conn  288  netperf:  18  
[2016/03/10 17:39:41 247] isr_1conn  315  send_ok_num, timer_num, send_average =   0  59  0  
[2016/03/10 17:39:41 247] isr_1conn  318  netperf =   30  
[2016/03/10 17:39:41 343] isr_1conn  288  netperf:  10  
[2016/03/10 17:39:41 645] isr_1conn  288  netperf:  12  
[2016/03/10 17:39:41 648] isr_1conn  315  send_ok_num, timer_num, send_average =   0  60  0  
[2016/03/10 17:39:41 648] isr_1conn  318  netperf =   30  
[2016/03/10 17:39:41 946] isr_1conn  288  netperf:  12  
[2016/03/10 17:39:42 049] isr_1conn  315  send_ok_num, timer_num, send_average =   0  61  0  
[2016/03/10 17:39:42 050] isr_1conn  318  netperf =   30  
[2016/03/10 17:39:42 247] isr_1conn  288  netperf:  14  
[2016/03/10 17:39:42 450] isr_1conn  315  send_ok_num, timer_num, send_average =   0  62  0  
[2016/03/10 17:39:42 451] isr_1conn  318  netperf =   30  
[2016/03/10 17:39:42 548] isr_1conn  288  netperf:  14  
[2016/03/10 17:39:42 849] isr_1conn  288  netperf:  16  
[2016/03/10 17:39:42 851] isr_1conn  315  send_ok_num, timer_num, send_average =   0  63  0  
[2016/03/10 17:39:42 852] isr_1conn  318  netperf =   30  
[2016/03/10 17:39:43 151] isr_1conn  288  netperf:  17  
[2016/03/10 17:39:43 253] isr_1conn  315  send_ok_num, timer_num, send_average =   0  64  0  
[2016/03/10 17:39:43 254] isr_1conn  318  netperf =   30  
[2016/03/10 17:39:43 452] isr_1conn  288  netperf:  19  
[2016/03/10 17:39:43 654] isr_1conn  315  send_ok_num, timer_num, send_average =   0  65  0  
[2016/03/10 17:39:43 655] isr_1conn  318  netperf =   30  
[2016/03/10 17:39:43 753] isr_1conn  288  netperf:  10  
[2016/03/10 17:39:44 054] isr_1conn  288  netperf:  11  
[2016/03/10 17:39:44 055] isr_1conn  315  send_ok_num, timer_num, send_average =   0  66  0  
[2016/03/10 17:39:44 056] isr_1conn  318  netperf =   30  
[2016/03/10 17:39:44 356] isr_1conn  288  netperf:  13  
[2016/03/10 17:39:44 457] isr_1conn  315  send_ok_num, timer_num, send_average =   0  67  0  
[2016/03/10 17:39:44 457] isr_1conn  318  netperf =   30  
[2016/03/10 17:39:44 657] isr_1conn  288  netperf:  13  
[2016/03/10 17:39:44 858] isr_1conn  315  send_ok_num, timer_num, send_average =   0  68  0  
[2016/03/10 17:39:44 858] isr_1conn  318  netperf =   30  
[2016/03/10 17:39:44 958] isr_1conn  288  netperf:  15  
[2016/03/10 17:39:45 260] isr_1conn  288  netperf:  16  
[2016/03/10 17:39:45 260] isr_1conn  315  send_ok_num, timer_num, send_average =   0  69  0  
[2016/03/10 17:39:45 261] isr_1conn  318  netperf =   30  
[2016/03/10 17:39:45 561] isr_1conn  288  netperf:  18  
[2016/03/10 17:39:45 662] isr_1conn  315  send_ok_num, timer_num, send_average =   0  70  0  
[2016/03/10 17:39:45 662] isr_1conn  318  netperf =   30  
[2016/03/10 17:39:45 862] isr_1conn  288  netperf:  18  
[2016/03/10 17:39:46 063] isr_1conn  315  send_ok_num, timer_num, send_average =   0  71  0  
[2016/03/10 17:39:46 064] isr_1conn  318  netperf =   30  
[2016/03/10 17:39:46 163] isr_1conn  288  netperf:  10  
[2016/03/10 17:39:46 464] isr_1conn  315  send_ok_num, timer_num, send_average =   0  72  0  
[2016/03/10 17:39:46 464] isr_1conn  318  netperf =   30  
[2016/03/10 17:39:46 465] isr_1conn  288  netperf:  11  
[2016/03/10 17:39:46 766] isr_1conn  288  netperf:  12  
[2016/03/10 17:39:46 865] isr_1conn  315  send_ok_num, timer_num, send_average =   0  73  0  
[2016/03/10 17:39:46 866] isr_1conn  318  netperf =   30  
[2016/03/10 17:39:47 067] isr_1conn  288  netperf:  14  
[2016/03/10 17:39:47 266] isr_1conn  315  send_ok_num, timer_num, send_average =   0  74  0  
[2016/03/10 17:39:47 267] isr_1conn  318  netperf =   30  
[2016/03/10 17:39:47 368] isr_1conn  288  netperf:  14  
[2016/03/10 17:39:47 668] isr_1conn  315  send_ok_num, timer_num, send_average =   0  75  0  
[2016/03/10 17:39:47 668] isr_1conn  318  netperf =   30  
[2016/03/10 17:39:47 669] isr_1conn  288  netperf:  15  
[2016/03/10 17:39:47 970] isr_1conn  288  netperf:  16  
[2016/03/10 17:39:48 069] isr_1conn  315  send_ok_num, timer_num, send_average =   0  76  0  
[2016/03/10 17:39:48 069] isr_1conn  318  netperf =   30  
[2016/03/10 17:39:48 271] isr_1conn  288  netperf:  17  
[2016/03/10 17:39:48 470] isr_1conn  315  send_ok_num, timer_num, send_average =   0  77  0  
[2016/03/10 17:39:48 471] isr_1conn  318  netperf =   30  
[2016/03/10 17:39:48 572] isr_1conn  288  netperf:  19  
[2016/03/10 17:39:48 871] isr_1conn  315  send_ok_num, timer_num, send_average =   0  78  0  
[2016/03/10 17:39:48 871] isr_1conn  318  netperf =   30  
[2016/03/10 17:39:48 874] isr_1conn  288  netperf:  10  
[2016/03/10 17:39:49 175] isr_1conn  288  netperf:  11  
[2016/03/10 17:39:49 272] isr_1conn  315  send_ok_num, timer_num, send_average =   0  79  0  
[2016/03/10 17:39:49 273] isr_1conn  318  netperf =   30  
[2016/03/10 17:39:49 477] isr_1conn  288  netperf:  13  
[2016/03/10 17:39:49 673] isr_1conn  315  send_ok_num, timer_num, send_average =   0  80  0  
[2016/03/10 17:39:49 673] isr_1conn  318  netperf =   30  
[2016/03/10 17:39:49 778] isr_1conn  288  netperf:  15  
[2016/03/10 17:39:50 075] isr_1conn  315  send_ok_num, timer_num, send_average =   0  81  0  
[2016/03/10 17:39:50 075] isr_1conn  318  netperf =   30  
[2016/03/10 17:39:50 079] isr_1conn  288  netperf:  15  
[2016/03/10 17:39:50 380] isr_1conn  288  netperf:  16  
[2016/03/10 17:39:50 476] isr_1conn  315  send_ok_num, timer_num, send_average =   0  82  0  
[2016/03/10 17:39:50 477] isr_1conn  318  netperf =   30  
[2016/03/10 17:39:50 681] isr_1conn  288  netperf:  18  
[2016/03/10 17:39:50 877] isr_1conn  315  send_ok_num, timer_num, send_average =   0  83  0  
[2016/03/10 17:39:50 878] isr_1conn  318  netperf =   30  
[2016/03/10 17:39:50 982] isr_1conn  288  netperf:  18  
[2016/03/10 17:39:51 279] isr_1conn  315  send_ok_num, timer_num, send_average =   0  84  0  
[2016/03/10 17:39:51 279] isr_1conn  318  netperf =   30  
[2016/03/10 17:39:51 283] isr_1conn  288  netperf:  19  
[2016/03/10 17:39:51 584] isr_1conn  288  netperf:  10  
[2016/03/10 17:39:51 680] isr_1conn  315  send_ok_num, timer_num, send_average =   0  85  0  
[2016/03/10 17:39:51 681] isr_1conn  318  netperf =   30  
[2016/03/10 17:39:51 885] isr_1conn  288  netperf:  12  
[2016/03/10 17:39:52 081] isr_1conn  315  send_ok_num, timer_num, send_average =   0  86  0  
[2016/03/10 17:39:52 082] isr_1conn  318  netperf =   30  
[2016/03/10 17:39:52 186] isr_1conn  288  netperf:  12  
[2016/03/10 17:39:52 483] isr_1conn  315  send_ok_num, timer_num, send_average =   0  87  0  
[2016/03/10 17:39:52 483] isr_1conn  318  netperf =   30  
[2016/03/10 17:39:52 487] isr_1conn  288  netperf:  13  
[2016/03/10 17:39:52 788] isr_1conn  288  netperf:  14  
[2016/03/10 17:39:52 884] isr_1conn  315  send_ok_num, timer_num, send_average =   0  88  0  
[2016/03/10 17:39:52 884] isr_1conn  318  netperf =   30  
[2016/03/10 17:39:53 089] isr_1conn  288  netperf:  15  
[2016/03/10 17:39:53 285] isr_1conn  315  send_ok_num, timer_num, send_average =   0  89  0  
[2016/03/10 17:39:53 286] isr_1conn  318  netperf =   30  
[2016/03/10 17:39:53 390] isr_1conn  288  netperf:  17  
[2016/03/10 17:39:53 686] isr_1conn  315  send_ok_num, timer_num, send_average =   0  90  0  
[2016/03/10 17:39:53 686] isr_1conn  318  netperf =   30  
[2016/03/10 17:39:53 691] isr_1conn  288  netperf:  17  
[2016/03/10 17:39:53 992] isr_1conn  288  netperf:  18  
[2016/03/10 17:39:54 087] isr_1conn  315  send_ok_num, timer_num, send_average =   0  91  0  
[2016/03/10 17:39:54 087] isr_1conn  318  netperf =   30  
[2016/03/10 17:39:54 293] isr_1conn  288  netperf:  19  
[2016/03/10 17:39:54 488] isr_1conn  315  send_ok_num, timer_num, send_average =   0  92  0  
[2016/03/10 17:39:54 489] isr_1conn  318  netperf =   30  
[2016/03/10 17:39:54 594] isr_1conn  288  netperf:  11  
[2016/03/10 17:39:54 889] isr_1conn  315  send_ok_num, timer_num, send_average =   0  93  0  
[2016/03/10 17:39:54 890] isr_1conn  318  netperf =   30  
[2016/03/10 17:39:54 895] isr_1conn  288  netperf:  12  
[2016/03/10 17:39:55 196] isr_1conn  288  netperf:  12  
[2016/03/10 17:39:55 290] isr_1conn  315  send_ok_num, timer_num, send_average =   0  94  0  
[2016/03/10 17:39:55 291] isr_1conn  318  netperf =   30  
[2016/03/10 17:39:55 497] isr_1conn  288  netperf:  14  
[2016/03/10 17:39:55 691] isr_1conn  315  send_ok_num, timer_num, send_average =   0  95  0  
[2016/03/10 17:39:55 692] isr_1conn  318  netperf =   30  
[2016/03/10 17:39:55 798] isr_1conn  288  netperf:  14  
[2016/03/10 17:39:56 093] isr_1conn  315  send_ok_num, timer_num, send_average =   0  96  0  
[2016/03/10 17:39:56 093] isr_1conn  318  netperf =   30  
[2016/03/10 17:39:56 099] isr_1conn  288  netperf:  15  
[2016/03/10 17:39:56 400] isr_1conn  288  netperf:  16  
[2016/03/10 17:39:56 494] isr_1conn  315  send_ok_num, timer_num, send_average =   0  97  0  
[2016/03/10 17:39:56 495] isr_1conn  318  netperf =   30  
[2016/03/10 17:39:56 701] isr_1conn  288  netperf:  17  
[2016/03/10 17:39:56 895] isr_1conn  315  send_ok_num, timer_num, send_average =   0  98  0  
[2016/03/10 17:39:56 896] isr_1conn  318  netperf =   30  
[2016/03/10 17:39:57 002] isr_1conn  288  netperf:  19  
[2016/03/10 17:39:57 296] isr_1conn  315  send_ok_num, timer_num, send_average =   0  99  0  
[2016/03/10 17:39:57 296] isr_1conn  318  netperf =   30  
[2016/03/10 17:39:57 304] isr_1conn  288  netperf:  10  
[2016/03/10 17:39:57 605] isr_1conn  288  netperf:  11  
[2016/03/10 17:39:57 697] isr_1conn  315  send_ok_num, timer_num, send_average =   0  100  0  
[2016/03/10 17:39:57 697] isr_1conn  318  netperf =   30  
[2016/03/10 17:39:57 906] isr_1conn  288  netperf:  13  
[2016/03/10 17:39:58 098] isr_1conn  315  send_ok_num, timer_num, send_average =   0  101  0  
[2016/03/10 17:39:58 099] isr_1conn  318  netperf =   30  
[2016/03/10 17:39:58 207] isr_1conn  288  netperf:  14  
[2016/03/10 17:39:58 499] isr_1conn  315  send_ok_num, timer_num, send_average =   0  102  0  
[2016/03/10 17:39:58 499] isr_1conn  318  netperf =   30  
[2016/03/10 17:39:58 509] isr_1conn  288  netperf:  15  
[2016/03/10 17:39:58 810] isr_1conn  288  netperf:  16  
[2016/03/10 17:39:58 900] isr_1conn  315  send_ok_num, timer_num, send_average =   0  103  0  
[2016/03/10 17:39:58 901] isr_1conn  318  netperf =   30  
[2016/03/10 17:39:59 111] isr_1conn  288  netperf:  17  
[2016/03/10 17:39:59 302] isr_1conn  315  send_ok_num, timer_num, send_average =   0  104  0  
[2016/03/10 17:39:59 303] isr_1conn  318  netperf =   30  
[2016/03/10 17:39:59 412] isr_1conn  288  netperf:  19  
[2016/03/10 17:39:59 703] isr_1conn  315  send_ok_num, timer_num, send_average =   0  105  0  
[2016/03/10 17:39:59 704] isr_1conn  318  netperf =   30  
[2016/03/10 17:39:59 713] isr_1conn  288  netperf:  19  
[2016/03/10 17:40:00 014] isr_1conn  288  netperf:  10  
[2016/03/10 17:40:00 105] isr_1conn  315  send_ok_num, timer_num, send_average =   0  106  0  
[2016/03/10 17:40:00 106] isr_1conn  318  netperf =   30  
[2016/03/10 17:40:00 315] isr_1conn  288  netperf:  12  
[2016/03/10 17:40:00 507] isr_1conn  315  send_ok_num, timer_num, send_average =   0  107  0  
[2016/03/10 17:40:00 507] isr_1conn  318  netperf =   30  
[2016/03/10 17:40:00 616] isr_1conn  288  netperf:  12  
[2016/03/10 17:40:00 908] isr_1conn  315  send_ok_num, timer_num, send_average =   0  108  0  
[2016/03/10 17:40:00 909] isr_1conn  318  netperf =   30  
[2016/03/10 17:40:00 918] isr_1conn  288  netperf:  14  
[2016/03/10 17:40:01 219] isr_1conn  288  netperf:  15  
[2016/03/10 17:40:01 309] isr_1conn  315  send_ok_num, timer_num, send_average =   0  109  0  
[2016/03/10 17:40:01 309] isr_1conn  318  netperf =   30  
[2016/03/10 17:40:01 521] isr_1conn  288  netperf:  17  
[2016/03/10 17:40:01 710] isr_1conn  315  send_ok_num, timer_num, send_average =   0  110  0  
[2016/03/10 17:40:01 710] isr_1conn  318  netperf =   30  
[2016/03/10 17:40:01 822] isr_1conn  288  netperf:  19  
[2016/03/10 17:40:02 111] isr_1conn  315  send_ok_num, timer_num, send_average =   0  111  0  
[2016/03/10 17:40:02 112] isr_1conn  318  netperf =   30  
[2016/03/10 17:40:02 123] isr_1conn  288  netperf:  19  
[2016/03/10 17:40:02 424] isr_1conn  288  netperf:  11  
[2016/03/10 17:40:02 514] isr_1conn  315  send_ok_num, timer_num, send_average =   0  112  0  
[2016/03/10 17:40:02 514] isr_1conn  318  netperf =   30  
[2016/03/10 17:40:02 725] isr_1conn  288  netperf:  11  
[2016/03/10 17:40:02 915] isr_1conn  315  send_ok_num, timer_num, send_average =   0  113  0  
[2016/03/10 17:40:02 916] isr_1conn  318  netperf =   30  
[2016/03/10 17:40:03 027] isr_1conn  288  netperf:  13  
[2016/03/10 17:40:03 316] isr_1conn  315  send_ok_num, timer_num, send_average =   0  114  0  
[2016/03/10 17:40:03 317] isr_1conn  318  netperf =   30  
[2016/03/10 17:40:03 328] isr_1conn  288  netperf:  15  
[2016/03/10 17:40:03 630] isr_1conn  288  netperf:  16  
[2016/03/10 17:40:03 717] isr_1conn  315  send_ok_num, timer_num, send_average =   0  115  0  
[2016/03/10 17:40:03 717] isr_1conn  318  netperf =   30  
[2016/03/10 17:40:03 931] isr_1conn  288  netperf:  17  
[2016/03/10 17:40:04 118] isr_1conn  315  send_ok_num, timer_num, send_average =   0  116  0  
[2016/03/10 17:40:04 119] isr_1conn  318  netperf =   30  
[2016/03/10 17:40:04 232] isr_1conn  288  netperf:  18  
[2016/03/10 17:40:04 520] isr_1conn  315  send_ok_num, timer_num, send_average =   0  117  0  
[2016/03/10 17:40:04 520] isr_1conn  318  netperf =   30  
[2016/03/10 17:40:04 533] isr_1conn  288  netperf:  10  
[2016/03/10 17:40:04 834] isr_1conn  288  netperf:  11  
[2016/03/10 17:40:04 922] isr_1conn  315  send_ok_num, timer_num, send_average =   0  118  0  
[2016/03/10 17:40:04 922] isr_1conn  318  netperf =   30  
[2016/03/10 17:40:05 135] isr_1conn  288  netperf:  12  
[2016/03/10 17:40:05 323] isr_1conn  315  send_ok_num, timer_num, send_average =   0  119  0  
[2016/03/10 17:40:05 324] isr_1conn  318  netperf =   30  
[2016/03/10 17:40:05 436] isr_1conn  288  netperf:  12  
[2016/03/10 17:40:05 725] isr_1conn  315  send_ok_num, timer_num, send_average =   0  120  0  
[2016/03/10 17:40:05 726] isr_1conn  318  netperf =   30  
[2016/03/10 17:40:05 737] isr_1conn  288  netperf:  13  
[2016/03/10 17:40:06 038] isr_1conn  288  netperf:  14  
[2016/03/10 17:40:06 127] isr_1conn  315  send_ok_num, timer_num, send_average =   0  121  0  
[2016/03/10 17:40:06 127] isr_1conn  318  netperf =   30  
[2016/03/10 17:40:06 340] isr_1conn  288  netperf:  16  
