============================================================
Time  2016/03/10 17:39:17 550 
============================================================
[2016/03/10 17:39:17 550] isr_1conn  2088 SYS_MSG_LOAD_CLOUD  
[2016/03/10 17:39:17 551] isr_1conn  2109 SYS_MSG_REGCB_CLOUD param0 =   msp_status_cb  param1 =  func(7587df00) 
[2016/03/10 17:39:17 552] isr_1conn  2109 SYS_MSG_REGCB_CLOUD param0 =   cloud_rslt_cb  param1 =  func(7587ebe0) 
[2016/03/10 17:39:17 553] isr_1conn  2109 SYS_MSG_REGCB_CLOUD param0 =   cloud_err_cb  param1 =  func(7587ed10) 
[2016/03/10 17:39:17 554] isr_1conn  2109 SYS_MSG_REGCB_CLOUD param0 =   cloud_status_cb  param1 =  func(7587edd0) 
[2016/03/10 17:39:17 555] isr_1conn  1382 onesoc  
[2016/03/10 17:39:17 556] isr_1conn  1383 ASR_CLOUD_MSG_SSB  
[2016/03/10 17:39:17 556] isr_1conn  1398 isr_1conn  cloud_cisr1PdHHBHbLrw1t2EgaaWFx0c0dZBwTx  268436457  1428405382  
[2016/03/10 17:39:17 558] isr_1conn  1466 not login!  
[2016/03/10 17:39:17 558] isr_1conn  1578 nil  
[2016/03/10 17:39:17 559] isr_1conn  1647 speex-wb  
[2016/03/10 17:39:17 559] isr_1conn  1713 once bytes  122  
[2016/03/10 17:39:17 561] isr_1conn  1734 User set url is   nil  
[2016/03/10 17:39:17 562] transport  596  paramkvsport is   nil  
[2016/03/10 17:39:17 563] transport  801  net type:  standard  
[2016/03/10 17:39:17 563] transport  802  net operator:  def  
[2016/03/10 17:39:17 570] transport  803  use proxy:  false  
[2016/03/10 17:39:17 577] network    85   ipfromenv ,  ipcache  dev.voicecloud.cn  def  nil  
[2016/03/10 17:39:17 577] transport  1033 ns_i =  nil  
[2016/03/10 17:39:17 578] isr_1conn  1882 ASR_CLOUD_MSG_AUW  8174  5  
[2016/03/10 17:39:17 579] isr_1conn  1901 starttimer status_cb_timeout, timeout is:  3000  
[2016/03/10 17:39:20 579] isr_1conn  236  The called number of status_cb_timeout:  1  
[2016/03/10 17:39:22 578] transport  302  [dns] [0] timeout!   
[2016/03/10 17:39:22 584] network    85   ipfromenv ,  ipcache  dev.voicecloud.cn  def  nil  
[2016/03/10 17:39:22 588] network    85   ipfromenv ,  ipcfg  dev.voicecloud.cn  def  nil  
[2016/03/10 17:39:22 589] transport  1108 [soc] connect   116.213.69.195  80  
[2016/03/10 17:39:23 580] isr_1conn  236  The called number of status_cb_timeout:  2  
[2016/03/10 17:39:26 581] isr_1conn  236  The called number of status_cb_timeout:  3  
[2016/03/10 17:39:27 481] isr_1conn  2151 netperf_session_timeout =   20  
[2016/03/10 17:39:27 482] isr_1conn  2154 MSC:session timeout!  
[2016/03/10 17:39:27 488] network    85   ipfromenv ,  ipcache  dev.voicecloud.cn  def  nil  
[2016/03/10 17:39:27 489] transport  868  iplist not avail  
[2016/03/10 17:39:27 490] transport  1139 [soc] disconnect   
[2016/03/10 17:39:29 582] isr_1conn  236  The called number of status_cb_timeout:  4  
[2016/03/10 17:39:32 584] isr_1conn  236  The called number of status_cb_timeout:  5  
[2016/03/10 17:39:35 585] isr_1conn  236  The called number of status_cb_timeout:  6  
[2016/03/10 17:39:38 587] isr_1conn  236  The called number of status_cb_timeout:  7  
[2016/03/10 17:39:41 588] isr_1conn  236  The called number of status_cb_timeout:  8  
[2016/03/10 17:39:44 589] isr_1conn  236  The called number of status_cb_timeout:  9  
[2016/03/10 17:39:47 590] isr_1conn  236  The called number of status_cb_timeout:  10  
[2016/03/10 17:39:50 591] isr_1conn  236  The called number of status_cb_timeout:  11  
[2016/03/10 17:39:53 592] isr_1conn  236  The called number of status_cb_timeout:  12  
[2016/03/10 17:39:56 593] isr_1conn  236  The called number of status_cb_timeout:  13  
[2016/03/10 17:39:59 594] isr_1conn  236  The called number of status_cb_timeout:  14  
[2016/03/10 17:40:02 595] isr_1conn  236  The called number of status_cb_timeout:  15  
[2016/03/10 17:40:05 597] isr_1conn  236  The called number of status_cb_timeout:  16  
