============================================================
Time  2016/03/10 16:39:27 693 
============================================================
[2016/03/10 16:39:27 693] isr_1conn  2088 SYS_MSG_LOAD_CLOUD  
[2016/03/10 16:39:27 695] isr_1conn  2109 SYS_MSG_REGCB_CLOUD param0 =   msp_status_cb  param1 =  func(758b9dc0) 
[2016/03/10 16:39:27 698] isr_1conn  2109 SYS_MSG_REGCB_CLOUD param0 =   cloud_rslt_cb  param1 =  func(758a02c8) 
[2016/03/10 16:39:27 700] isr_1conn  2109 SYS_MSG_REGCB_CLOUD param0 =   cloud_err_cb  param1 =  func(758a0328) 
[2016/03/10 16:39:27 700] isr_1conn  2109 SYS_MSG_REGCB_CLOUD param0 =   cloud_status_cb  param1 =  func(75839db8) 
[2016/03/10 16:39:27 701] isr_1conn  1382 onesoc  
[2016/03/10 16:39:27 702] isr_1conn  1383 ASR_CLOUD_MSG_SSB  
[2016/03/10 16:39:27 702] isr_1conn  1398 isr_1conn  cloud_cisr1P1HHBHbLtp5HMtyWaakFKtq9kfvu+i  268436457  1428405382  
[2016/03/10 16:39:27 703] isr_1conn  1466 not login!  
[2016/03/10 16:39:27 704] isr_1conn  1578 nil  
[2016/03/10 16:39:27 704] isr_1conn  1647 speex-wb  
[2016/03/10 16:39:27 704] isr_1conn  1713 once bytes  122  
[2016/03/10 16:39:27 706] isr_1conn  1734 User set url is   nil  
[2016/03/10 16:39:27 706] transport  596  paramkvsport is   nil  
[2016/03/10 16:39:27 706] transport  801  net type:  standard  
[2016/03/10 16:39:27 706] transport  802  net operator:  def  
[2016/03/10 16:39:27 707] transport  803  use proxy:  false  
[2016/03/10 16:39:27 712] network    85   ipfromenv ,  ipcache  dev.voicecloud.cn  def  nil  
[2016/03/10 16:39:27 712] transport  1033 ns_i =  nil  
[2016/03/10 16:39:27 886] isr_1conn  1758 ASR_CLOUD_MSG_AUW  6400  1  
[2016/03/10 16:39:28 013] isr_1conn  288  netperf:  95  
[2016/03/10 16:39:28 085] isr_1conn  1758 ASR_CLOUD_MSG_AUW  6400  2  
[2016/03/10 16:39:28 286] isr_1conn  1758 ASR_CLOUD_MSG_AUW  6400  2  
[2016/03/10 16:39:28 313] isr_1conn  288  netperf:  85  
[2016/03/10 16:39:28 488] isr_1conn  1758 ASR_CLOUD_MSG_AUW  6400  2  
[2016/03/10 16:39:28 614] isr_1conn  288  netperf:  75  
[2016/03/10 16:39:28 688] isr_1conn  1758 ASR_CLOUD_MSG_AUW  6400  2  
[2016/03/10 16:39:28 890] isr_1conn  1758 ASR_CLOUD_MSG_AUW  6400  2  
[2016/03/10 16:39:28 915] isr_1conn  288  netperf:  67  
[2016/03/10 16:39:29 091] isr_1conn  1758 ASR_CLOUD_MSG_AUW  6400  2  
[2016/03/10 16:39:29 216] isr_1conn  288  netperf:  58  
[2016/03/10 16:39:29 291] isr_1conn  1758 ASR_CLOUD_MSG_AUW  6400  2  
[2016/03/10 16:39:29 492] isr_1conn  1758 ASR_CLOUD_MSG_AUW  6400  2  
[2016/03/10 16:39:29 517] isr_1conn  288  netperf:  48  
[2016/03/10 16:39:29 698] isr_1conn  1758 ASR_CLOUD_MSG_AUW  6400  2  
[2016/03/10 16:39:29 818] isr_1conn  288  netperf:  39  
[2016/03/10 16:39:29 893] isr_1conn  1758 ASR_CLOUD_MSG_AUW  6400  2  
[2016/03/10 16:39:30 095] isr_1conn  1758 ASR_CLOUD_MSG_AUW  6400  2  
[2016/03/10 16:39:30 119] isr_1conn  288  netperf:  20  
[2016/03/10 16:39:30 295] isr_1conn  1758 ASR_CLOUD_MSG_AUW  6400  2  
[2016/03/10 16:39:30 420] isr_1conn  288  netperf:  12  
[2016/03/10 16:39:30 498] isr_1conn  1758 ASR_CLOUD_MSG_AUW  6400  2  
[2016/03/10 16:39:30 698] isr_1conn  1758 ASR_CLOUD_MSG_AUW  6400  2  
[2016/03/10 16:39:30 722] isr_1conn  288  netperf:  13  
[2016/03/10 16:39:30 899] isr_1conn  1758 ASR_CLOUD_MSG_AUW  6400  2  
[2016/03/10 16:39:31 023] isr_1conn  288  netperf:  15  
[2016/03/10 16:39:31 099] isr_1conn  1758 ASR_CLOUD_MSG_AUW  6400  2  
[2016/03/10 16:39:31 304] isr_1conn  1758 ASR_CLOUD_MSG_AUW  6400  2  
[2016/03/10 16:39:31 306] isr_1conn  1758 ASR_CLOUD_MSG_AUW  6400  2  
[2016/03/10 16:39:31 324] isr_1conn  288  netperf:  16  
[2016/03/10 16:39:31 495] isr_1conn  1758 ASR_CLOUD_MSG_AUW  2560  4  
[2016/03/10 16:39:31 496] isr_1conn  1779 starttimer status_cb_timeout, timeout is:  3000  
[2016/03/10 16:39:31 496] isr_1conn  1788 audio len:  124160  
[2016/03/10 16:39:31 496] isr_1conn  1791 drate:   0  
[2016/03/10 16:39:31 497] isr_1conn  1794 user  
[2016/03/10 16:39:31 497] isr_1conn  1803 drate, start local.  
[2016/03/10 16:39:31 629] isr_1conn  288  netperf:  10  
[2016/03/10 16:39:31 930] isr_1conn  288  netperf:  11  
[2016/03/10 16:39:32 233] isr_1conn  288  netperf:  15  
[2016/03/10 16:39:32 534] isr_1conn  288  netperf:  16  
[2016/03/10 16:39:32 713] transport  302  [dns] [0] timeout!   
[2016/03/10 16:39:32 716] network    85   ipfromenv ,  ipcache  dev.voicecloud.cn  def  nil  
[2016/03/10 16:39:32 720] network    85   ipfromenv ,  ipcfg  dev.voicecloud.cn  def  nil  
[2016/03/10 16:39:32 721] transport  1108 [soc] connect   116.213.69.195  80  
[2016/03/10 16:39:32 836] isr_1conn  288  netperf:  18  
[2016/03/10 16:39:33 137] isr_1conn  288  netperf:  19  
[2016/03/10 16:39:33 438] isr_1conn  288  netperf:  10  
[2016/03/10 16:39:33 739] isr_1conn  288  netperf:  11  
[2016/03/10 16:39:34 040] isr_1conn  288  netperf:  12  
[2016/03/10 16:39:34 342] isr_1conn  288  netperf:  13  
[2016/03/10 16:39:34 496] isr_1conn  236  The called number of status_cb_timeout:  1  
[2016/03/10 16:39:34 643] isr_1conn  288  netperf:  14  
[2016/03/10 16:39:34 944] isr_1conn  288  netperf:  16  
[2016/03/10 16:39:35 246] isr_1conn  288  netperf:  17  
[2016/03/10 16:39:35 547] isr_1conn  288  netperf:  18  
[2016/03/10 16:39:35 848] isr_1conn  288  netperf:  10  
[2016/03/10 16:39:36 150] isr_1conn  288  netperf:  11  
[2016/03/10 16:39:36 451] isr_1conn  288  netperf:  13  
[2016/03/10 16:39:36 753] isr_1conn  288  netperf:  14  
[2016/03/10 16:39:37 054] isr_1conn  288  netperf:  15  
[2016/03/10 16:39:37 355] isr_1conn  288  netperf:  17  
[2016/03/10 16:39:37 497] isr_1conn  236  The called number of status_cb_timeout:  2  
[2016/03/10 16:39:37 657] isr_1conn  288  netperf:  18  
[2016/03/10 16:39:37 723] transport  315  soc_conn_failed  
[2016/03/10 16:39:37 723] network    90   iptoenv ,  ipcache  dev.voicecloud.cn  def  nil  
[2016/03/10 16:39:37 729] transport  384  switch 80  
[2016/03/10 16:39:37 730] transport  403  MSC:[soc] [0] conn timeout!  
[2016/03/10 16:39:37 731] transport  1139 [soc] disconnect   
[2016/03/10 16:39:37 732] transport  406  soc_conn_timeout, try2conn_times =  1  
[2016/03/10 16:39:37 740] network    85   ipfromenv ,  ipcache  dev.voicecloud.cn  def  nil  
[2016/03/10 16:39:37 740] transport  1033 ns_i =  nil  
[2016/03/10 16:39:37 959] isr_1conn  288  netperf:  11  
[2016/03/10 16:39:38 262] isr_1conn  288  netperf:  13  
[2016/03/10 16:39:38 564] isr_1conn  288  netperf:  15  
[2016/03/10 16:39:38 866] isr_1conn  288  netperf:  17  
[2016/03/10 16:39:39 167] isr_1conn  288  netperf:  18  
[2016/03/10 16:39:39 468] isr_1conn  288  netperf:  19  
[2016/03/10 16:39:39 769] isr_1conn  288  netperf:  11  
[2016/03/10 16:39:40 070] isr_1conn  288  netperf:  12  
[2016/03/10 16:39:40 372] isr_1conn  288  netperf:  13  
[2016/03/10 16:39:40 498] isr_1conn  236  The called number of status_cb_timeout:  3  
[2016/03/10 16:39:40 673] isr_1conn  288  netperf:  15  
[2016/03/10 16:39:40 974] isr_1conn  288  netperf:  16  
[2016/03/10 16:39:41 276] isr_1conn  288  netperf:  17  
[2016/03/10 16:39:41 577] isr_1conn  288  netperf:  18  
[2016/03/10 16:39:42 417] isr_1conn  288  netperf:  18  
[2016/03/10 16:39:42 718] isr_1conn  288  netperf:  19  
[2016/03/10 16:39:42 741] transport  302  [dns] [0] timeout!   
[2016/03/10 16:39:42 745] network    85   ipfromenv ,  ipcache  dev.voicecloud.cn  def  nil  
[2016/03/10 16:39:42 748] network    85   ipfromenv ,  ipcfg  dev.voicecloud.cn  def  nil  
[2016/03/10 16:39:42 749] transport  1108 [soc] connect   116.213.69.195  80  
[2016/03/10 16:39:43 018] isr_1conn  288  netperf:  10  
[2016/03/10 16:39:43 325] isr_1conn  288  netperf:  16  
[2016/03/10 16:39:43 499] isr_1conn  236  The called number of status_cb_timeout:  4  
[2016/03/10 16:39:43 626] isr_1conn  288  netperf:  17  
[2016/03/10 16:39:43 927] isr_1conn  288  netperf:  19  
[2016/03/10 16:39:44 229] isr_1conn  288  netperf:  10  
[2016/03/10 16:39:44 530] isr_1conn  288  netperf:  12  
[2016/03/10 16:39:44 832] isr_1conn  288  netperf:  13  
[2016/03/10 16:39:45 134] isr_1conn  288  netperf:  15  
[2016/03/10 16:39:45 435] isr_1conn  288  netperf:  17  
[2016/03/10 16:39:45 737] isr_1conn  288  netperf:  18  
[2016/03/10 16:39:46 038] isr_1conn  288  netperf:  19  
[2016/03/10 16:39:46 340] isr_1conn  288  netperf:  11  
[2016/03/10 16:39:46 497] isr_1conn  754  start a new session  
[2016/03/10 16:39:46 502] network    85   ipfromenv ,  ipcache  dev.voicecloud.cn  def  nil  
[2016/03/10 16:39:46 503] transport  868  iplist not avail  
[2016/03/10 16:39:46 517] transport  1139 [soc] disconnect   
[2016/03/10 16:39:46 521] isr_1conn  1154 no_audio is true  
[2016/03/10 16:39:46 521] isr_1conn  1182 [session] send 1th audio  
[2016/03/10 16:39:46 522] isr_1conn  1184 totalsz =   11834  
[2016/03/10 16:39:46 522] isr_1conn  1187 start netperf_fs_timer  
[2016/03/10 16:39:46 523] isr_1conn  1208 [session] send last audio!  
[2016/03/10 16:39:46 641] isr_1conn  288  netperf:  13  
[2016/03/10 16:39:46 942] isr_1conn  288  netperf:  14  
[2016/03/10 16:39:47 244] isr_1conn  288  netperf:  15  
[2016/03/10 16:39:47 323] isr_1conn  333  send_ok_num, timer_num, send_average =   0  2  0  
[2016/03/10 16:39:47 324] isr_1conn  336  netperf =   30  
[2016/03/10 16:39:47 324] isr_1conn  337  start netperf_other_timer  
[2016/03/10 16:39:47 546] isr_1conn  288  netperf:  17  
[2016/03/10 16:39:47 724] isr_1conn  315  send_ok_num, timer_num, send_average =   0  3  0  
[2016/03/10 16:39:47 725] isr_1conn  318  netperf =   30  
[2016/03/10 16:39:47 847] isr_1conn  288  netperf:  19  
[2016/03/10 16:39:48 126] isr_1conn  315  send_ok_num, timer_num, send_average =   0  4  0  
[2016/03/10 16:39:48 127] isr_1conn  318  netperf =   30  
[2016/03/10 16:39:48 149] isr_1conn  288  netperf:  10  
[2016/03/10 16:39:48 451] isr_1conn  288  netperf:  13  
[2016/03/10 16:39:48 527] isr_1conn  315  send_ok_num, timer_num, send_average =   0  5  0  
[2016/03/10 16:39:48 528] isr_1conn  318  netperf =   30  
[2016/03/10 16:39:48 754] isr_1conn  288  netperf:  15  
[2016/03/10 16:39:48 930] isr_1conn  315  send_ok_num, timer_num, send_average =   0  6  0  
[2016/03/10 16:39:48 931] isr_1conn  318  netperf =   30  
[2016/03/10 16:39:49 056] isr_1conn  288  netperf:  18  
[2016/03/10 16:39:49 332] isr_1conn  315  send_ok_num, timer_num, send_average =   0  7  0  
[2016/03/10 16:39:49 332] isr_1conn  318  netperf =   30  
[2016/03/10 16:39:49 359] isr_1conn  288  netperf:  10  
[2016/03/10 16:39:49 661] isr_1conn  288  netperf:  12  
[2016/03/10 16:39:49 734] isr_1conn  315  send_ok_num, timer_num, send_average =   0  8  0  
[2016/03/10 16:39:49 735] isr_1conn  318  netperf =   30  
[2016/03/10 16:39:49 963] isr_1conn  288  netperf:  15  
[2016/03/10 16:39:50 136] isr_1conn  315  send_ok_num, timer_num, send_average =   0  9  0  
[2016/03/10 16:39:50 136] isr_1conn  318  netperf =   30  
[2016/03/10 16:39:50 266] isr_1conn  288  netperf:  17  
[2016/03/10 16:39:50 538] isr_1conn  315  send_ok_num, timer_num, send_average =   0  10  0  
[2016/03/10 16:39:50 539] isr_1conn  318  netperf =   30  
[2016/03/10 16:39:50 568] isr_1conn  288  netperf:  10  
[2016/03/10 16:39:50 871] isr_1conn  288  netperf:  12  
[2016/03/10 16:39:50 941] isr_1conn  315  send_ok_num, timer_num, send_average =   0  11  0  
[2016/03/10 16:39:50 941] isr_1conn  318  netperf =   30  
[2016/03/10 16:39:51 173] isr_1conn  288  netperf:  14  
[2016/03/10 16:39:51 343] isr_1conn  315  send_ok_num, timer_num, send_average =   0  12  0  
[2016/03/10 16:39:51 344] isr_1conn  318  netperf =   30  
[2016/03/10 16:39:51 475] isr_1conn  288  netperf:  17  
[2016/03/10 16:39:51 745] isr_1conn  315  send_ok_num, timer_num, send_average =   0  13  0  
[2016/03/10 16:39:51 746] isr_1conn  318  netperf =   30  
[2016/03/10 16:39:51 778] isr_1conn  288  netperf:  10  
[2016/03/10 16:39:52 081] isr_1conn  288  netperf:  12  
[2016/03/10 16:39:52 147] isr_1conn  315  send_ok_num, timer_num, send_average =   0  14  0  
[2016/03/10 16:39:52 148] isr_1conn  318  netperf =   30  
[2016/03/10 16:39:52 383] isr_1conn  288  netperf:  15  
[2016/03/10 16:39:52 549] isr_1conn  315  send_ok_num, timer_num, send_average =   0  15  0  
[2016/03/10 16:39:52 550] isr_1conn  318  netperf =   30  
[2016/03/10 16:39:52 693] isr_1conn  288  netperf:  15  
[2016/03/10 16:39:52 951] isr_1conn  315  send_ok_num, timer_num, send_average =   0  16  0  
[2016/03/10 16:39:52 952] isr_1conn  318  netperf =   30  
[2016/03/10 16:39:52 994] isr_1conn  288  netperf:  16  
[2016/03/10 16:39:53 296] isr_1conn  288  netperf:  17  
[2016/03/10 16:39:53 353] isr_1conn  315  send_ok_num, timer_num, send_average =   0  17  0  
[2016/03/10 16:39:53 354] isr_1conn  318  netperf =   30  
[2016/03/10 16:39:53 597] isr_1conn  288  netperf:  18  
[2016/03/10 16:39:53 755] isr_1conn  315  send_ok_num, timer_num, send_average =   0  18  0  
[2016/03/10 16:39:53 756] isr_1conn  318  netperf =   30  
[2016/03/10 16:39:53 898] isr_1conn  288  netperf:  19  
[2016/03/10 16:39:54 157] isr_1conn  315  send_ok_num, timer_num, send_average =   0  19  0  
[2016/03/10 16:39:54 158] isr_1conn  318  netperf =   30  
[2016/03/10 16:39:54 199] isr_1conn  288  netperf:  10  
[2016/03/10 16:39:54 500] isr_1conn  288  netperf:  12  
[2016/03/10 16:39:54 560] isr_1conn  315  send_ok_num, timer_num, send_average =   0  20  0  
[2016/03/10 16:39:54 561] isr_1conn  318  netperf =   30  
[2016/03/10 16:39:54 803] isr_1conn  288  netperf:  14  
[2016/03/10 16:39:54 962] isr_1conn  315  send_ok_num, timer_num, send_average =   0  21  0  
[2016/03/10 16:39:54 963] isr_1conn  318  netperf =   30  
[2016/03/10 16:39:55 105] isr_1conn  288  netperf:  17  
[2016/03/10 16:39:55 364] isr_1conn  315  send_ok_num, timer_num, send_average =   0  22  0  
[2016/03/10 16:39:55 365] isr_1conn  318  netperf =   30  
[2016/03/10 16:39:55 408] isr_1conn  288  netperf:  19  
[2016/03/10 16:39:55 710] isr_1conn  288  netperf:  12  
[2016/03/10 16:39:55 766] isr_1conn  315  send_ok_num, timer_num, send_average =   0  23  0  
[2016/03/10 16:39:55 767] isr_1conn  318  netperf =   30  
[2016/03/10 16:39:56 012] isr_1conn  288  netperf:  14  
[2016/03/10 16:39:56 168] isr_1conn  315  send_ok_num, timer_num, send_average =   0  24  0  
[2016/03/10 16:39:56 169] isr_1conn  318  netperf =   30  
[2016/03/10 16:39:56 315] isr_1conn  288  netperf:  17  
[2016/03/10 16:39:56 496] isr_1conn  2151 netperf_session_timeout =   20  
[2016/03/10 16:39:56 509] isr_1conn  2154 MSC:session timeout!  
[2016/03/10 16:39:56 570] isr_1conn  315  send_ok_num, timer_num, send_average =   0  25  0  
[2016/03/10 16:39:56 570] isr_1conn  318  netperf =   30  
[2016/03/10 16:39:56 619] isr_1conn  288  netperf:  10  
[2016/03/10 16:39:56 920] isr_1conn  288  netperf:  12  
[2016/03/10 16:39:56 971] isr_1conn  315  send_ok_num, timer_num, send_average =   0  26  0  
[2016/03/10 16:39:56 971] isr_1conn  318  netperf =   30  
[2016/03/10 16:39:57 226] isr_1conn  288  netperf:  18  
[2016/03/10 16:39:57 373] isr_1conn  315  send_ok_num, timer_num, send_average =   0  27  0  
[2016/03/10 16:39:57 373] isr_1conn  318  netperf =   30  
[2016/03/10 16:39:57 527] isr_1conn  288  netperf:  19  
[2016/03/10 16:39:57 774] isr_1conn  315  send_ok_num, timer_num, send_average =   0  28  0  
[2016/03/10 16:39:57 775] isr_1conn  318  netperf =   30  
[2016/03/10 16:39:57 828] isr_1conn  288  netperf:  19  
[2016/03/10 16:39:58 130] isr_1conn  288  netperf:  11  
[2016/03/10 16:39:58 176] isr_1conn  315  send_ok_num, timer_num, send_average =   0  29  0  
[2016/03/10 16:39:58 177] isr_1conn  318  netperf =   30  
[2016/03/10 16:39:58 432] isr_1conn  288  netperf:  14  
[2016/03/10 16:39:58 577] isr_1conn  315  send_ok_num, timer_num, send_average =   0  30  0  
[2016/03/10 16:39:58 578] isr_1conn  318  netperf =   30  
[2016/03/10 16:39:58 734] isr_1conn  288  netperf:  16  
[2016/03/10 16:39:58 979] isr_1conn  315  send_ok_num, timer_num, send_average =   0  31  0  
[2016/03/10 16:39:58 980] isr_1conn  318  netperf =   30  
[2016/03/10 16:39:59 035] isr_1conn  288  netperf:  17  
[2016/03/10 16:39:59 338] isr_1conn  288  netperf:  19  
[2016/03/10 16:39:59 382] isr_1conn  315  send_ok_num, timer_num, send_average =   0  32  0  
[2016/03/10 16:39:59 383] isr_1conn  318  netperf =   30  
[2016/03/10 16:39:59 640] isr_1conn  288  netperf:  11  
[2016/03/10 16:39:59 783] isr_1conn  315  send_ok_num, timer_num, send_average =   0  33  0  
[2016/03/10 16:39:59 784] isr_1conn  318  netperf =   30  
[2016/03/10 16:39:59 942] isr_1conn  288  netperf:  13  
[2016/03/10 16:40:00 185] isr_1conn  315  send_ok_num, timer_num, send_average =   0  34  0  
[2016/03/10 16:40:00 186] isr_1conn  318  netperf =   30  
[2016/03/10 16:40:00 243] isr_1conn  288  netperf:  14  
[2016/03/10 16:40:00 544] isr_1conn  288  netperf:  16  
[2016/03/10 16:40:00 587] isr_1conn  315  send_ok_num, timer_num, send_average =   0  35  0  
[2016/03/10 16:40:00 588] isr_1conn  318  netperf =   30  
[2016/03/10 16:40:00 845] isr_1conn  288  netperf:  16  
[2016/03/10 16:40:00 989] isr_1conn  315  send_ok_num, timer_num, send_average =   0  36  0  
[2016/03/10 16:40:00 990] isr_1conn  318  netperf =   30  
[2016/03/10 16:40:01 146] isr_1conn  288  netperf:  18  
[2016/03/10 16:40:01 390] isr_1conn  315  send_ok_num, timer_num, send_average =   0  37  0  
[2016/03/10 16:40:01 391] isr_1conn  318  netperf =   30  
[2016/03/10 16:40:01 449] isr_1conn  288  netperf:  10  
[2016/03/10 16:40:01 751] isr_1conn  288  netperf:  12  
[2016/03/10 16:40:01 791] isr_1conn  315  send_ok_num, timer_num, send_average =   0  38  0  
[2016/03/10 16:40:01 791] isr_1conn  318  netperf =   30  
[2016/03/10 16:40:02 335] isr_1conn  288  netperf:  16  
[2016/03/10 16:40:02 337] isr_1conn  315  send_ok_num, timer_num, send_average =   0  39  0  
[2016/03/10 16:40:02 337] isr_1conn  318  netperf =   30  
[2016/03/10 16:40:02 636] isr_1conn  288  netperf:  17  
[2016/03/10 16:40:02 739] isr_1conn  315  send_ok_num, timer_num, send_average =   0  40  0  
[2016/03/10 16:40:02 740] isr_1conn  318  netperf =   30  
[2016/03/10 16:40:02 937] isr_1conn  288  netperf:  18  
[2016/03/10 16:40:03 142] isr_1conn  315  send_ok_num, timer_num, send_average =   0  41  0  
[2016/03/10 16:40:03 143] isr_1conn  318  netperf =   30  
[2016/03/10 16:40:03 238] isr_1conn  288  netperf:  19  
[2016/03/10 16:40:03 539] isr_1conn  288  netperf:  11  
[2016/03/10 16:40:03 544] isr_1conn  315  send_ok_num, timer_num, send_average =   0  42  0  
[2016/03/10 16:40:03 545] isr_1conn  318  netperf =   30  
[2016/03/10 16:40:03 841] isr_1conn  288  netperf:  12  
[2016/03/10 16:40:03 946] isr_1conn  315  send_ok_num, timer_num, send_average =   0  43  0  
[2016/03/10 16:40:03 948] isr_1conn  318  netperf =   30  
[2016/03/10 16:40:04 142] isr_1conn  288  netperf:  13  
[2016/03/10 16:40:04 349] isr_1conn  315  send_ok_num, timer_num, send_average =   0  44  0  
[2016/03/10 16:40:04 350] isr_1conn  318  netperf =   30  
[2016/03/10 16:40:04 443] isr_1conn  288  netperf:  15  
[2016/03/10 16:40:04 745] isr_1conn  288  netperf:  16  
[2016/03/10 16:40:04 751] isr_1conn  315  send_ok_num, timer_num, send_average =   0  45  0  
[2016/03/10 16:40:04 752] isr_1conn  318  netperf =   30  
[2016/03/10 16:40:05 046] isr_1conn  288  netperf:  18  
[2016/03/10 16:40:05 153] isr_1conn  315  send_ok_num, timer_num, send_average =   0  46  0  
[2016/03/10 16:40:05 154] isr_1conn  318  netperf =   30  
[2016/03/10 16:40:05 347] isr_1conn  288  netperf:  18  
[2016/03/10 16:40:05 555] isr_1conn  315  send_ok_num, timer_num, send_average =   0  47  0  
[2016/03/10 16:40:05 556] isr_1conn  318  netperf =   30  
[2016/03/10 16:40:05 649] isr_1conn  288  netperf:  10  
[2016/03/10 16:40:05 950] isr_1conn  288  netperf:  11  
[2016/03/10 16:40:05 956] isr_1conn  315  send_ok_num, timer_num, send_average =   0  48  0  
[2016/03/10 16:40:05 956] isr_1conn  318  netperf =   30  
[2016/03/10 16:40:06 251] isr_1conn  288  netperf:  13  
[2016/03/10 16:40:06 358] isr_1conn  315  send_ok_num, timer_num, send_average =   0  49  0  
[2016/03/10 16:40:06 358] isr_1conn  318  netperf =   30  
[2016/03/10 16:40:06 552] isr_1conn  288  netperf:  14  
[2016/03/10 16:40:06 759] isr_1conn  315  send_ok_num, timer_num, send_average =   0  50  0  
[2016/03/10 16:40:06 760] isr_1conn  318  netperf =   30  
[2016/03/10 16:40:06 853] isr_1conn  288  netperf:  14  
[2016/03/10 16:40:07 154] isr_1conn  288  netperf:  15  
[2016/03/10 16:40:07 161] isr_1conn  315  send_ok_num, timer_num, send_average =   0  51  0  
[2016/03/10 16:40:07 161] isr_1conn  318  netperf =   30  
[2016/03/10 16:40:07 455] isr_1conn  288  netperf:  17  
[2016/03/10 16:40:07 562] isr_1conn  315  send_ok_num, timer_num, send_average =   0  52  0  
[2016/03/10 16:40:07 563] isr_1conn  318  netperf =   30  
[2016/03/10 16:40:07 761] isr_1conn  288  netperf:  13  
[2016/03/10 16:40:07 963] isr_1conn  315  send_ok_num, timer_num, send_average =   0  53  0  
[2016/03/10 16:40:07 964] isr_1conn  318  netperf =   30  
[2016/03/10 16:40:08 063] isr_1conn  288  netperf:  15  
[2016/03/10 16:40:08 365] isr_1conn  288  netperf:  16  
[2016/03/10 16:40:08 366] isr_1conn  315  send_ok_num, timer_num, send_average =   0  54  0  
[2016/03/10 16:40:08 367] isr_1conn  318  netperf =   30  
[2016/03/10 16:40:08 668] isr_1conn  288  netperf:  19  
[2016/03/10 16:40:08 768] isr_1conn  315  send_ok_num, timer_num, send_average =   0  55  0  
[2016/03/10 16:40:08 769] isr_1conn  318  netperf =   30  
[2016/03/10 16:40:08 970] isr_1conn  288  netperf:  11  
[2016/03/10 16:40:09 170] isr_1conn  315  send_ok_num, timer_num, send_average =   0  56  0  
[2016/03/10 16:40:09 171] isr_1conn  318  netperf =   30  
[2016/03/10 16:40:09 272] isr_1conn  288  netperf:  13  
[2016/03/10 16:40:09 577] isr_1conn  315  send_ok_num, timer_num, send_average =   0  57  0  
[2016/03/10 16:40:09 579] isr_1conn  318  netperf =   30  
[2016/03/10 16:40:09 580] isr_1conn  288  netperf:  11  
[2016/03/10 16:40:09 882] isr_1conn  288  netperf:  13  
[2016/03/10 16:40:09 982] isr_1conn  315  send_ok_num, timer_num, send_average =   0  58  0  
[2016/03/10 16:40:09 984] isr_1conn  318  netperf =   30  
[2016/03/10 16:40:10 183] isr_1conn  288  netperf:  14  
[2016/03/10 16:40:10 385] isr_1conn  315  send_ok_num, timer_num, send_average =   0  59  0  
[2016/03/10 16:40:10 386] isr_1conn  318  netperf =   30  
[2016/03/10 16:40:10 485] isr_1conn  288  netperf:  16  
[2016/03/10 16:40:10 787] isr_1conn  288  netperf:  19  
[2016/03/10 16:40:10 788] isr_1conn  315  send_ok_num, timer_num, send_average =   0  60  0  
[2016/03/10 16:40:10 789] isr_1conn  318  netperf =   30  
[2016/03/10 16:40:11 090] isr_1conn  288  netperf:  11  
[2016/03/10 16:40:11 190] isr_1conn  315  send_ok_num, timer_num, send_average =   0  61  0  
[2016/03/10 16:40:11 191] isr_1conn  318  netperf =   30  
[2016/03/10 16:40:11 392] isr_1conn  288  netperf:  13  
[2016/03/10 16:40:11 591] isr_1conn  315  send_ok_num, timer_num, send_average =   0  62  0  
[2016/03/10 16:40:11 591] isr_1conn  318  netperf =   30  
[2016/03/10 16:40:11 693] isr_1conn  288  netperf:  15  
[2016/03/10 16:40:11 992] isr_1conn  315  send_ok_num, timer_num, send_average =   0  63  0  
[2016/03/10 16:40:11 992] isr_1conn  318  netperf =   30  
[2016/03/10 16:40:11 995] isr_1conn  288  netperf:  17  
[2016/03/10 16:40:12 685] isr_1conn  288  netperf:  17  
[2016/03/10 16:40:12 687] isr_1conn  315  send_ok_num, timer_num, send_average =   0  64  0  
[2016/03/10 16:40:12 687] isr_1conn  318  netperf =   30  
[2016/03/10 16:40:12 986] isr_1conn  288  netperf:  17  
[2016/03/10 16:40:13 088] isr_1conn  315  send_ok_num, timer_num, send_average =   0  65  0  
[2016/03/10 16:40:13 089] isr_1conn  318  netperf =   30  
[2016/03/10 16:40:13 287] isr_1conn  288  netperf:  18  
[2016/03/10 16:40:13 490] isr_1conn  315  send_ok_num, timer_num, send_average =   0  66  0  
[2016/03/10 16:40:13 491] isr_1conn  318  netperf =   30  
[2016/03/10 16:40:13 588] isr_1conn  288  netperf:  19  
[2016/03/10 16:40:13 889] isr_1conn  288  netperf:  11  
[2016/03/10 16:40:13 891] isr_1conn  315  send_ok_num, timer_num, send_average =   0  67  0  
[2016/03/10 16:40:13 892] isr_1conn  318  netperf =   30  
[2016/03/10 16:40:14 190] isr_1conn  288  netperf:  12  
[2016/03/10 16:40:14 292] isr_1conn  315  send_ok_num, timer_num, send_average =   0  68  0  
[2016/03/10 16:40:14 293] isr_1conn  318  netperf =   30  
[2016/03/10 16:40:14 491] isr_1conn  288  netperf:  12  
[2016/03/10 16:40:14 694] isr_1conn  315  send_ok_num, timer_num, send_average =   0  69  0  
[2016/03/10 16:40:14 694] isr_1conn  318  netperf =   30  
[2016/03/10 16:40:14 792] isr_1conn  288  netperf:  13  
[2016/03/10 16:40:15 093] isr_1conn  288  netperf:  14  
[2016/03/10 16:40:15 095] isr_1conn  315  send_ok_num, timer_num, send_average =   0  70  0  
[2016/03/10 16:40:15 095] isr_1conn  318  netperf =   30  
[2016/03/10 16:40:15 394] isr_1conn  288  netperf:  16  
[2016/03/10 16:40:15 497] isr_1conn  315  send_ok_num, timer_num, send_average =   0  71  0  
[2016/03/10 16:40:15 497] isr_1conn  318  netperf =   30  
[2016/03/10 16:40:15 695] isr_1conn  288  netperf:  16  
[2016/03/10 16:40:15 898] isr_1conn  315  send_ok_num, timer_num, send_average =   0  72  0  
[2016/03/10 16:40:15 899] isr_1conn  318  netperf =   30  
[2016/03/10 16:40:15 996] isr_1conn  288  netperf:  18  
[2016/03/10 16:40:16 298] isr_1conn  288  netperf:  19  
[2016/03/10 16:40:16 299] isr_1conn  315  send_ok_num, timer_num, send_average =   0  73  0  
[2016/03/10 16:40:16 299] isr_1conn  318  netperf =   30  
[2016/03/10 16:40:16 599] isr_1conn  288  netperf:  11  
[2016/03/10 16:40:16 700] isr_1conn  315  send_ok_num, timer_num, send_average =   0  74  0  
[2016/03/10 16:40:16 700] isr_1conn  318  netperf =   30  
[2016/03/10 16:40:16 901] isr_1conn  288  netperf:  13  
[2016/03/10 16:40:17 101] isr_1conn  315  send_ok_num, timer_num, send_average =   0  75  0  
[2016/03/10 16:40:17 102] isr_1conn  318  netperf =   30  
[2016/03/10 16:40:17 201] isr_1conn  288  netperf:  13  
[2016/03/10 16:40:17 502] isr_1conn  315  send_ok_num, timer_num, send_average =   0  76  0  
[2016/03/10 16:40:17 502] isr_1conn  318  netperf =   30  
[2016/03/10 16:40:17 503] isr_1conn  288  netperf:  15  
[2016/03/10 16:40:17 804] isr_1conn  288  netperf:  16  
[2016/03/10 16:40:17 903] isr_1conn  315  send_ok_num, timer_num, send_average =   0  77  0  
[2016/03/10 16:40:17 904] isr_1conn  318  netperf =   30  
[2016/03/10 16:40:18 105] isr_1conn  288  netperf:  16  
[2016/03/10 16:40:18 305] isr_1conn  315  send_ok_num, timer_num, send_average =   0  78  0  
[2016/03/10 16:40:18 305] isr_1conn  318  netperf =   30  
[2016/03/10 16:40:18 406] isr_1conn  288  netperf:  18  
[2016/03/10 16:40:18 706] isr_1conn  315  send_ok_num, timer_num, send_average =   0  79  0  
[2016/03/10 16:40:18 707] isr_1conn  318  netperf =   30  
[2016/03/10 16:40:18 708] isr_1conn  288  netperf:  19  
[2016/03/10 16:40:19 009] isr_1conn  288  netperf:  10  
[2016/03/10 16:40:19 108] isr_1conn  315  send_ok_num, timer_num, send_average =   0  80  0  
[2016/03/10 16:40:19 109] isr_1conn  318  netperf =   30  
[2016/03/10 16:40:19 310] isr_1conn  288  netperf:  11  
[2016/03/10 16:40:19 510] isr_1conn  315  send_ok_num, timer_num, send_average =   0  81  0  
[2016/03/10 16:40:19 511] isr_1conn  318  netperf =   30  
[2016/03/10 16:40:19 611] isr_1conn  288  netperf:  13  
[2016/03/10 16:40:19 912] isr_1conn  288  netperf:  14  
[2016/03/10 16:40:19 913] isr_1conn  315  send_ok_num, timer_num, send_average =   0  82  0  
[2016/03/10 16:40:19 913] isr_1conn  318  netperf =   30  
[2016/03/10 16:40:20 214] isr_1conn  288  netperf:  16  
[2016/03/10 16:40:20 314] isr_1conn  315  send_ok_num, timer_num, send_average =   0  83  0  
[2016/03/10 16:40:20 315] isr_1conn  318  netperf =   30  
[2016/03/10 16:40:20 515] isr_1conn  288  netperf:  16  
[2016/03/10 16:40:20 716] isr_1conn  315  send_ok_num, timer_num, send_average =   0  84  0  
[2016/03/10 16:40:20 717] isr_1conn  318  netperf =   30  
[2016/03/10 16:40:20 816] isr_1conn  288  netperf:  17  
[2016/03/10 16:40:21 117] isr_1conn  288  netperf:  19  
[2016/03/10 16:40:21 118] isr_1conn  315  send_ok_num, timer_num, send_average =   0  85  0  
[2016/03/10 16:40:21 119] isr_1conn  318  netperf =   30  
[2016/03/10 16:40:21 418] isr_1conn  288  netperf:  19  
[2016/03/10 16:40:21 520] isr_1conn  315  send_ok_num, timer_num, send_average =   0  86  0  
[2016/03/10 16:40:21 520] isr_1conn  318  netperf =   30  
[2016/03/10 16:40:21 722] isr_1conn  288  netperf:  14  
[2016/03/10 16:40:21 921] isr_1conn  315  send_ok_num, timer_num, send_average =   0  87  0  
[2016/03/10 16:40:21 921] isr_1conn  318  netperf =   30  
[2016/03/10 16:40:22 024] isr_1conn  288  netperf:  16  
[2016/03/10 16:40:22 322] isr_1conn  315  send_ok_num, timer_num, send_average =   0  88  0  
[2016/03/10 16:40:22 323] isr_1conn  318  netperf =   30  
[2016/03/10 16:40:22 325] isr_1conn  288  netperf:  16  
[2016/03/10 16:40:22 626] isr_1conn  288  netperf:  18  
[2016/03/10 16:40:22 724] isr_1conn  315  send_ok_num, timer_num, send_average =   0  89  0  
[2016/03/10 16:40:22 725] isr_1conn  318  netperf =   30  
[2016/03/10 16:40:22 927] isr_1conn  288  netperf:  19  
[2016/03/10 16:40:23 126] isr_1conn  315  send_ok_num, timer_num, send_average =   0  90  0  
[2016/03/10 16:40:23 127] isr_1conn  318  netperf =   30  
[2016/03/10 16:40:23 228] isr_1conn  288  netperf:  19  
[2016/03/10 16:40:23 528] isr_1conn  315  send_ok_num, timer_num, send_average =   0  91  0  
[2016/03/10 16:40:23 529] isr_1conn  318  netperf =   30  
[2016/03/10 16:40:23 530] isr_1conn  288  netperf:  11  
[2016/03/10 16:40:23 831] isr_1conn  288  netperf:  13  
[2016/03/10 16:40:23 930] isr_1conn  315  send_ok_num, timer_num, send_average =   0  92  0  
[2016/03/10 16:40:23 931] isr_1conn  318  netperf =   30  
[2016/03/10 16:40:24 132] isr_1conn  288  netperf:  13  
[2016/03/10 16:40:24 332] isr_1conn  315  send_ok_num, timer_num, send_average =   0  93  0  
[2016/03/10 16:40:24 333] isr_1conn  318  netperf =   30  
[2016/03/10 16:40:24 433] isr_1conn  288  netperf:  14  
[2016/03/10 16:40:24 734] isr_1conn  288  netperf:  15  
[2016/03/10 16:40:24 735] isr_1conn  315  send_ok_num, timer_num, send_average =   0  94  0  
[2016/03/10 16:40:24 735] isr_1conn  318  netperf =   30  
[2016/03/10 16:40:25 036] isr_1conn  288  netperf:  17  
[2016/03/10 16:40:25 136] isr_1conn  315  send_ok_num, timer_num, send_average =   0  95  0  
[2016/03/10 16:40:25 137] isr_1conn  318  netperf =   30  
[2016/03/10 16:40:25 337] isr_1conn  288  netperf:  18  
[2016/03/10 16:40:25 538] isr_1conn  315  send_ok_num, timer_num, send_average =   0  96  0  
[2016/03/10 16:40:25 539] isr_1conn  318  netperf =   30  
[2016/03/10 16:40:25 638] isr_1conn  288  netperf:  10  
[2016/03/10 16:40:25 940] isr_1conn  288  netperf:  11  
[2016/03/10 16:40:25 940] isr_1conn  315  send_ok_num, timer_num, send_average =   0  97  0  
[2016/03/10 16:40:25 941] isr_1conn  318  netperf =   30  
[2016/03/10 16:40:26 241] isr_1conn  288  netperf:  13  
[2016/03/10 16:40:26 342] isr_1conn  315  send_ok_num, timer_num, send_average =   0  98  0  
[2016/03/10 16:40:26 342] isr_1conn  318  netperf =   30  
[2016/03/10 16:40:26 543] isr_1conn  288  netperf:  14  
[2016/03/10 16:40:26 743] isr_1conn  315  send_ok_num, timer_num, send_average =   0  99  0  
[2016/03/10 16:40:26 745] isr_1conn  318  netperf =   30  
[2016/03/10 16:40:26 843] isr_1conn  288  netperf:  15  
[2016/03/10 16:40:27 145] isr_1conn  288  netperf:  16  
[2016/03/10 16:40:27 145] isr_1conn  315  send_ok_num, timer_num, send_average =   0  100  0  
[2016/03/10 16:40:27 146] isr_1conn  318  netperf =   30  
[2016/03/10 16:40:27 446] isr_1conn  288  netperf:  17  
[2016/03/10 16:40:27 547] isr_1conn  315  send_ok_num, timer_num, send_average =   0  101  0  
[2016/03/10 16:40:27 548] isr_1conn  318  netperf =   30  
[2016/03/10 16:40:27 747] isr_1conn  288  netperf:  19  
[2016/03/10 16:40:27 949] isr_1conn  315  send_ok_num, timer_num, send_average =   0  102  0  
[2016/03/10 16:40:27 949] isr_1conn  318  netperf =   30  
[2016/03/10 16:40:28 048] isr_1conn  288  netperf:  10  
[2016/03/10 16:40:28 350] isr_1conn  288  netperf:  11  
[2016/03/10 16:40:28 351] isr_1conn  315  send_ok_num, timer_num, send_average =   0  103  0  
[2016/03/10 16:40:28 351] isr_1conn  318  netperf =   30  
[2016/03/10 16:40:28 653] isr_1conn  288  netperf:  14  
[2016/03/10 16:40:28 752] isr_1conn  315  send_ok_num, timer_num, send_average =   0  104  0  
[2016/03/10 16:40:28 752] isr_1conn  318  netperf =   30  
[2016/03/10 16:40:28 954] isr_1conn  288  netperf:  16  
[2016/03/10 16:40:29 153] isr_1conn  315  send_ok_num, timer_num, send_average =   0  105  0  
[2016/03/10 16:40:29 153] isr_1conn  318  netperf =   30  
[2016/03/10 16:40:29 256] isr_1conn  288  netperf:  18  
[2016/03/10 16:40:29 554] isr_1conn  315  send_ok_num, timer_num, send_average =   0  106  0  
[2016/03/10 16:40:29 555] isr_1conn  318  netperf =   30  
[2016/03/10 16:40:29 558] isr_1conn  288  netperf:  19  
[2016/03/10 16:40:29 859] isr_1conn  288  netperf:  11  
[2016/03/10 16:40:29 957] isr_1conn  315  send_ok_num, timer_num, send_average =   0  107  0  
[2016/03/10 16:40:29 957] isr_1conn  318  netperf =   30  
[2016/03/10 16:40:30 160] isr_1conn  288  netperf:  12  
[2016/03/10 16:40:30 358] isr_1conn  315  send_ok_num, timer_num, send_average =   0  108  0  
[2016/03/10 16:40:30 359] isr_1conn  318  netperf =   30  
[2016/03/10 16:40:30 461] isr_1conn  288  netperf:  12  
[2016/03/10 16:40:30 760] isr_1conn  315  send_ok_num, timer_num, send_average =   0  109  0  
[2016/03/10 16:40:30 761] isr_1conn  318  netperf =   30  
[2016/03/10 16:40:30 761] isr_1conn  288  netperf:  13  
[2016/03/10 16:40:31 063] isr_1conn  288  netperf:  14  
[2016/03/10 16:40:31 162] isr_1conn  315  send_ok_num, timer_num, send_average =   0  110  0  
[2016/03/10 16:40:31 162] isr_1conn  318  netperf =   30  
[2016/03/10 16:40:31 364] isr_1conn  288  netperf:  16  
[2016/03/10 16:40:31 563] isr_1conn  315  send_ok_num, timer_num, send_average =   0  111  0  
[2016/03/10 16:40:31 563] isr_1conn  318  netperf =   30  
[2016/03/10 16:40:31 666] isr_1conn  288  netperf:  18  
[2016/03/10 16:40:31 964] isr_1conn  315  send_ok_num, timer_num, send_average =   0  112  0  
[2016/03/10 16:40:31 964] isr_1conn  318  netperf =   30  
[2016/03/10 16:40:31 968] isr_1conn  288  netperf:  10  
[2016/03/10 16:40:32 338] isr_1conn  288  netperf:  10  
[2016/03/10 16:40:32 365] isr_1conn  315  send_ok_num, timer_num, send_average =   0  113  0  
[2016/03/10 16:40:32 366] isr_1conn  318  netperf =   30  
[2016/03/10 16:40:32 639] isr_1conn  288  netperf:  10  
[2016/03/10 16:40:32 767] isr_1conn  315  send_ok_num, timer_num, send_average =   0  114  0  
[2016/03/10 16:40:32 768] isr_1conn  318  netperf =   30  
[2016/03/10 16:40:32 940] isr_1conn  288  netperf:  11  
[2016/03/10 16:40:33 169] isr_1conn  315  send_ok_num, timer_num, send_average =   0  115  0  
[2016/03/10 16:40:33 169] isr_1conn  318  netperf =   30  
[2016/03/10 16:40:33 241] isr_1conn  288  netperf:  13  
[2016/03/10 16:40:33 543] isr_1conn  288  netperf:  14  
[2016/03/10 16:40:33 570] isr_1conn  315  send_ok_num, timer_num, send_average =   0  116  0  
[2016/03/10 16:40:33 570] isr_1conn  318  netperf =   30  
[2016/03/10 16:40:33 845] isr_1conn  288  netperf:  16  
[2016/03/10 16:40:33 971] isr_1conn  315  send_ok_num, timer_num, send_average =   0  117  0  
[2016/03/10 16:40:33 972] isr_1conn  318  netperf =   30  
[2016/03/10 16:40:34 146] isr_1conn  288  netperf:  18  
[2016/03/10 16:40:34 373] isr_1conn  315  send_ok_num, timer_num, send_average =   0  118  0  
[2016/03/10 16:40:34 373] isr_1conn  318  netperf =   30  
[2016/03/10 16:40:34 447] isr_1conn  288  netperf:  18  
[2016/03/10 16:40:34 748] isr_1conn  288  netperf:  19  
[2016/03/10 16:40:34 774] isr_1conn  315  send_ok_num, timer_num, send_average =   0  119  0  
[2016/03/10 16:40:34 775] isr_1conn  318  netperf =   30  
[2016/03/10 16:40:35 049] isr_1conn  288  netperf:  11  
[2016/03/10 16:40:35 176] isr_1conn  315  send_ok_num, timer_num, send_average =   0  120  0  
[2016/03/10 16:40:35 176] isr_1conn  318  netperf =   30  
[2016/03/10 16:40:35 350] isr_1conn  288  netperf:  11  
[2016/03/10 16:40:35 577] isr_1conn  315  send_ok_num, timer_num, send_average =   0  121  0  
[2016/03/10 16:40:35 578] isr_1conn  318  netperf =   30  
[2016/03/10 16:40:35 651] isr_1conn  288  netperf:  13  
[2016/03/10 16:40:35 953] isr_1conn  288  netperf:  14  
[2016/03/10 16:40:35 978] isr_1conn  315  send_ok_num, timer_num, send_average =   0  122  0  
[2016/03/10 16:40:35 979] isr_1conn  318  netperf =   30  
[2016/03/10 16:40:36 254] isr_1conn  288  netperf:  16  
[2016/03/10 16:40:36 380] isr_1conn  315  send_ok_num, timer_num, send_average =   0  123  0  
[2016/03/10 16:40:36 380] isr_1conn  318  netperf =   30  
[2016/03/10 16:40:36 555] isr_1conn  288  netperf:  16  
[2016/03/10 16:40:36 781] isr_1conn  315  send_ok_num, timer_num, send_average =   0  124  0  
[2016/03/10 16:40:36 782] isr_1conn  318  netperf =   30  
[2016/03/10 16:40:36 856] isr_1conn  288  netperf:  18  
[2016/03/10 16:40:37 157] isr_1conn  288  netperf:  19  
[2016/03/10 16:40:37 182] isr_1conn  315  send_ok_num, timer_num, send_average =   0  125  0  
[2016/03/10 16:40:37 182] isr_1conn  318  netperf =   30  
[2016/03/10 16:40:37 459] isr_1conn  288  netperf:  11  
[2016/03/10 16:40:37 583] isr_1conn  315  send_ok_num, timer_num, send_average =   0  126  0  
[2016/03/10 16:40:37 583] isr_1conn  318  netperf =   30  
[2016/03/10 16:40:37 760] isr_1conn  288  netperf:  12  
[2016/03/10 16:40:37 984] isr_1conn  315  send_ok_num, timer_num, send_average =   0  127  0  
[2016/03/10 16:40:37 985] isr_1conn  318  netperf =   30  
[2016/03/10 16:40:38 062] isr_1conn  288  netperf:  13  
[2016/03/10 16:40:38 363] isr_1conn  288  netperf:  14  
[2016/03/10 16:40:38 385] isr_1conn  315  send_ok_num, timer_num, send_average =   0  128  0  
[2016/03/10 16:40:38 386] isr_1conn  318  netperf =   30  
[2016/03/10 16:40:38 664] isr_1conn  288  netperf:  16  
[2016/03/10 16:40:38 786] isr_1conn  315  send_ok_num, timer_num, send_average =   0  129  0  
[2016/03/10 16:40:38 786] isr_1conn  318  netperf =   30  
[2016/03/10 16:40:38 966] isr_1conn  288  netperf:  18  
[2016/03/10 16:40:39 187] isr_1conn  315  send_ok_num, timer_num, send_average =   0  130  0  
[2016/03/10 16:40:39 188] isr_1conn  318  netperf =   30  
[2016/03/10 16:40:39 267] isr_1conn  288  netperf:  18  
[2016/03/10 16:40:39 568] isr_1conn  288  netperf:  10  
[2016/03/10 16:40:39 589] isr_1conn  315  send_ok_num, timer_num, send_average =   0  131  0  
[2016/03/10 16:40:39 590] isr_1conn  318  netperf =   30  
[2016/03/10 16:40:39 870] isr_1conn  288  netperf:  12  
[2016/03/10 16:40:39 990] isr_1conn  315  send_ok_num, timer_num, send_average =   0  132  0  
[2016/03/10 16:40:39 990] isr_1conn  318  netperf =   30  
[2016/03/10 16:40:40 172] isr_1conn  288  netperf:  14  
[2016/03/10 16:40:40 391] isr_1conn  315  send_ok_num, timer_num, send_average =   0  133  0  
[2016/03/10 16:40:40 392] isr_1conn  318  netperf =   30  
[2016/03/10 16:40:40 475] isr_1conn  288  netperf:  16  
[2016/03/10 16:40:40 776] isr_1conn  288  netperf:  17  
[2016/03/10 16:40:40 792] isr_1conn  315  send_ok_num, timer_num, send_average =   0  134  0  
[2016/03/10 16:40:40 793] isr_1conn  318  netperf =   30  
[2016/03/10 16:40:41 078] isr_1conn  288  netperf:  19  
[2016/03/10 16:40:41 194] isr_1conn  315  send_ok_num, timer_num, send_average =   0  135  0  
[2016/03/10 16:40:41 195] isr_1conn  318  netperf =   30  
[2016/03/10 16:40:41 379] isr_1conn  288  netperf:  11  
[2016/03/10 16:40:41 595] isr_1conn  315  send_ok_num, timer_num, send_average =   0  136  0  
[2016/03/10 16:40:41 595] isr_1conn  318  netperf =   30  
[2016/03/10 16:40:41 681] isr_1conn  288  netperf:  13  
[2016/03/10 16:40:41 982] isr_1conn  288  netperf:  14  
[2016/03/10 16:40:41 996] isr_1conn  315  send_ok_num, timer_num, send_average =   0  137  0  
[2016/03/10 16:40:41 997] isr_1conn  318  netperf =   30  
[2016/03/10 16:40:42 284] isr_1conn  288  netperf:  16  
[2016/03/10 16:40:42 398] isr_1conn  315  send_ok_num, timer_num, send_average =   0  138  0  
[2016/03/10 16:40:42 399] isr_1conn  318  netperf =   30  
[2016/03/10 16:40:42 586] isr_1conn  288  netperf:  17  
[2016/03/10 16:40:42 799] isr_1conn  315  send_ok_num, timer_num, send_average =   0  139  0  
[2016/03/10 16:40:42 800] isr_1conn  318  netperf =   30  
[2016/03/10 16:40:42 887] isr_1conn  288  netperf:  19  
[2016/03/10 16:40:43 189] isr_1conn  288  netperf:  10  
[2016/03/10 16:40:43 200] isr_1conn  315  send_ok_num, timer_num, send_average =   0  140  0  
[2016/03/10 16:40:43 201] isr_1conn  318  netperf =   30  
[2016/03/10 16:40:43 490] isr_1conn  288  netperf:  11  
[2016/03/10 16:40:43 602] isr_1conn  315  send_ok_num, timer_num, send_average =   0  141  0  
[2016/03/10 16:40:43 602] isr_1conn  318  netperf =   30  
[2016/03/10 16:40:43 791] isr_1conn  288  netperf:  13  
[2016/03/10 16:40:44 003] isr_1conn  315  send_ok_num, timer_num, send_average =   0  142  0  
[2016/03/10 16:40:44 003] isr_1conn  318  netperf =   30  
[2016/03/10 16:40:44 093] isr_1conn  288  netperf:  15  
[2016/03/10 16:40:44 394] isr_1conn  288  netperf:  16  
[2016/03/10 16:40:44 403] isr_1conn  315  send_ok_num, timer_num, send_average =   0  143  0  
[2016/03/10 16:40:44 404] isr_1conn  318  netperf =   30  
[2016/03/10 16:40:44 696] isr_1conn  288  netperf:  17  
[2016/03/10 16:40:44 805] isr_1conn  315  send_ok_num, timer_num, send_average =   0  144  0  
[2016/03/10 16:40:44 806] isr_1conn  318  netperf =   30  
[2016/03/10 16:40:44 997] isr_1conn  288  netperf:  18  
[2016/03/10 16:40:45 207] isr_1conn  315  send_ok_num, timer_num, send_average =   0  145  0  
[2016/03/10 16:40:45 207] isr_1conn  318  netperf =   30  
[2016/03/10 16:40:45 298] isr_1conn  288  netperf:  10  
[2016/03/10 16:40:45 599] isr_1conn  288  netperf:  11  
[2016/03/10 16:40:45 608] isr_1conn  315  send_ok_num, timer_num, send_average =   0  146  0  
[2016/03/10 16:40:45 608] isr_1conn  318  netperf =   30  
[2016/03/10 16:40:45 901] isr_1conn  288  netperf:  13  
[2016/03/10 16:40:46 010] isr_1conn  315  send_ok_num, timer_num, send_average =   0  147  0  
[2016/03/10 16:40:46 010] isr_1conn  318  netperf =   30  
[2016/03/10 16:40:46 202] isr_1conn  288  netperf:  14  
[2016/03/10 16:40:46 411] isr_1conn  315  send_ok_num, timer_num, send_average =   0  148  0  
[2016/03/10 16:40:46 412] isr_1conn  318  netperf =   30  
[2016/03/10 16:40:46 503] isr_1conn  288  netperf:  14  
[2016/03/10 16:40:46 805] isr_1conn  288  netperf:  16  
[2016/03/10 16:40:46 813] isr_1conn  315  send_ok_num, timer_num, send_average =   0  149  0  
[2016/03/10 16:40:46 813] isr_1conn  318  netperf =   30  
[2016/03/10 16:40:47 106] isr_1conn  288  netperf:  18  
[2016/03/10 16:40:47 214] isr_1conn  315  send_ok_num, timer_num, send_average =   0  150  0  
[2016/03/10 16:40:47 215] isr_1conn  318  netperf =   30  
[2016/03/10 16:40:47 407] isr_1conn  288  netperf:  19  
[2016/03/10 16:40:47 616] isr_1conn  315  send_ok_num, timer_num, send_average =   0  151  0  
[2016/03/10 16:40:47 617] isr_1conn  318  netperf =   30  
[2016/03/10 16:40:47 708] isr_1conn  288  netperf:  19  
[2016/03/10 16:40:48 009] isr_1conn  288  netperf:  11  
[2016/03/10 16:40:48 018] isr_1conn  315  send_ok_num, timer_num, send_average =   0  152  0  
[2016/03/10 16:40:48 018] isr_1conn  318  netperf =   30  
[2016/03/10 16:40:48 311] isr_1conn  288  netperf:  12  
[2016/03/10 16:40:48 420] isr_1conn  315  send_ok_num, timer_num, send_average =   0  153  0  
[2016/03/10 16:40:48 420] isr_1conn  318  netperf =   30  
[2016/03/10 16:40:48 612] isr_1conn  288  netperf:  14  
[2016/03/10 16:40:48 821] isr_1conn  315  send_ok_num, timer_num, send_average =   0  154  0  
[2016/03/10 16:40:48 821] isr_1conn  318  netperf =   30  
[2016/03/10 16:40:48 914] isr_1conn  288  netperf:  16  
[2016/03/10 16:40:49 215] isr_1conn  288  netperf:  17  
[2016/03/10 16:40:49 222] isr_1conn  315  send_ok_num, timer_num, send_average =   0  155  0  
[2016/03/10 16:40:49 223] isr_1conn  318  netperf =   30  
[2016/03/10 16:40:49 517] isr_1conn  288  netperf:  18  
[2016/03/10 16:40:49 624] isr_1conn  315  send_ok_num, timer_num, send_average =   0  156  0  
[2016/03/10 16:40:49 624] isr_1conn  318  netperf =   30  
[2016/03/10 16:40:49 818] isr_1conn  288  netperf:  10  
[2016/03/10 16:40:50 025] isr_1conn  315  send_ok_num, timer_num, send_average =   0  157  0  
[2016/03/10 16:40:50 025] isr_1conn  318  netperf =   30  
[2016/03/10 16:40:50 120] isr_1conn  288  netperf:  11  
[2016/03/10 16:40:50 421] isr_1conn  288  netperf:  13  
[2016/03/10 16:40:50 426] isr_1conn  315  send_ok_num, timer_num, send_average =   0  158  0  
[2016/03/10 16:40:50 426] isr_1conn  318  netperf =   30  
[2016/03/10 16:40:50 722] isr_1conn  288  netperf:  14  
[2016/03/10 16:40:50 827] isr_1conn  315  send_ok_num, timer_num, send_average =   0  159  0  
[2016/03/10 16:40:50 828] isr_1conn  318  netperf =   30  
[2016/03/10 16:40:51 023] isr_1conn  288  netperf:  14  
[2016/03/10 16:40:51 229] isr_1conn  315  send_ok_num, timer_num, send_average =   0  160  0  
[2016/03/10 16:40:51 230] isr_1conn  318  netperf =   30  
[2016/03/10 16:40:51 324] isr_1conn  288  netperf:  15  
[2016/03/10 16:40:51 625] isr_1conn  288  netperf:  16  
[2016/03/10 16:40:51 631] isr_1conn  315  send_ok_num, timer_num, send_average =   0  161  0  
[2016/03/10 16:40:51 631] isr_1conn  318  netperf =   30  
[2016/03/10 16:40:51 926] isr_1conn  288  netperf:  17  
[2016/03/10 16:40:52 032] isr_1conn  315  send_ok_num, timer_num, send_average =   0  162  0  
[2016/03/10 16:40:52 033] isr_1conn  318  netperf =   30  
[2016/03/10 16:40:52 227] isr_1conn  288  netperf:  18  
[2016/03/10 16:40:52 434] isr_1conn  315  send_ok_num, timer_num, send_average =   0  163  0  
[2016/03/10 16:40:52 435] isr_1conn  318  netperf =   30  
[2016/03/10 16:40:52 528] isr_1conn  288  netperf:  19  
[2016/03/10 16:40:52 829] isr_1conn  288  netperf:  10  
[2016/03/10 16:40:52 836] isr_1conn  315  send_ok_num, timer_num, send_average =   0  164  0  
[2016/03/10 16:40:52 836] isr_1conn  318  netperf =   30  
[2016/03/10 16:40:53 130] isr_1conn  288  netperf:  12  
[2016/03/10 16:40:53 238] isr_1conn  315  send_ok_num, timer_num, send_average =   0  165  0  
[2016/03/10 16:40:53 238] isr_1conn  318  netperf =   30  
[2016/03/10 16:40:53 431] isr_1conn  288  netperf:  13  
[2016/03/10 16:40:53 639] isr_1conn  315  send_ok_num, timer_num, send_average =   0  166  0  
[2016/03/10 16:40:53 640] isr_1conn  318  netperf =   30  
[2016/03/10 16:40:53 732] isr_1conn  288  netperf:  13  
[2016/03/10 16:40:54 033] isr_1conn  288  netperf:  15  
[2016/03/10 16:40:54 041] isr_1conn  315  send_ok_num, timer_num, send_average =   0  167  0  
[2016/03/10 16:40:54 042] isr_1conn  318  netperf =   30  
[2016/03/10 16:40:54 335] isr_1conn  288  netperf:  16  
[2016/03/10 16:40:54 442] isr_1conn  315  send_ok_num, timer_num, send_average =   0  168  0  
[2016/03/10 16:40:54 442] isr_1conn  318  netperf =   30  
[2016/03/10 16:40:54 637] isr_1conn  288  netperf:  18  
[2016/03/10 16:40:54 843] isr_1conn  315  send_ok_num, timer_num, send_average =   0  169  0  
[2016/03/10 16:40:54 843] isr_1conn  318  netperf =   30  
[2016/03/10 16:40:54 938] isr_1conn  288  netperf:  19  
[2016/03/10 16:40:55 239] isr_1conn  288  netperf:  11  
[2016/03/10 16:40:55 243] isr_1conn  315  send_ok_num, timer_num, send_average =   0  170  0  
[2016/03/10 16:40:55 244] isr_1conn  318  netperf =   30  
[2016/03/10 16:40:55 541] isr_1conn  288  netperf:  12  
[2016/03/10 16:40:55 645] isr_1conn  315  send_ok_num, timer_num, send_average =   0  171  0  
[2016/03/10 16:40:55 645] isr_1conn  318  netperf =   30  
[2016/03/10 16:40:55 842] isr_1conn  288  netperf:  14  
[2016/03/10 16:40:56 047] isr_1conn  315  send_ok_num, timer_num, send_average =   0  172  0  
[2016/03/10 16:40:56 047] isr_1conn  318  netperf =   30  
[2016/03/10 16:40:56 143] isr_1conn  288  netperf:  14  
[2016/03/10 16:40:56 444] isr_1conn  288  netperf:  16  
[2016/03/10 16:40:56 448] isr_1conn  315  send_ok_num, timer_num, send_average =   0  173  0  
[2016/03/10 16:40:56 448] isr_1conn  318  netperf =   30  
[2016/03/10 16:40:56 746] isr_1conn  288  netperf:  18  
[2016/03/10 16:40:56 849] isr_1conn  315  send_ok_num, timer_num, send_average =   0  174  0  
[2016/03/10 16:40:56 850] isr_1conn  318  netperf =   30  
[2016/03/10 16:40:57 047] isr_1conn  288  netperf:  18  
[2016/03/10 16:40:57 251] isr_1conn  315  send_ok_num, timer_num, send_average =   0  175  0  
[2016/03/10 16:40:57 252] isr_1conn  318  netperf =   30  
[2016/03/10 16:40:57 348] isr_1conn  288  netperf:  19  
[2016/03/10 16:40:57 649] isr_1conn  288  netperf:  11  
[2016/03/10 16:40:57 653] isr_1conn  315  send_ok_num, timer_num, send_average =   0  176  0  
[2016/03/10 16:40:57 654] isr_1conn  318  netperf =   30  
[2016/03/10 16:40:57 950] isr_1conn  288  netperf:  11  
[2016/03/10 16:40:58 055] isr_1conn  315  send_ok_num, timer_num, send_average =   0  177  0  
[2016/03/10 16:40:58 056] isr_1conn  318  netperf =   30  
[2016/03/10 16:40:58 251] isr_1conn  288  netperf:  12  
[2016/03/10 16:40:58 457] isr_1conn  315  send_ok_num, timer_num, send_average =   0  178  0  
[2016/03/10 16:40:58 458] isr_1conn  318  netperf =   30  
[2016/03/10 16:40:58 552] isr_1conn  288  netperf:  14  
[2016/03/10 16:40:58 853] isr_1conn  288  netperf:  15  
[2016/03/10 16:40:58 858] isr_1conn  315  send_ok_num, timer_num, send_average =   0  179  0  
[2016/03/10 16:40:58 858] isr_1conn  318  netperf =   30  
[2016/03/10 16:40:59 155] isr_1conn  288  netperf:  16  
[2016/03/10 16:40:59 259] isr_1conn  315  send_ok_num, timer_num, send_average =   0  180  0  
[2016/03/10 16:40:59 259] isr_1conn  318  netperf =   30  
[2016/03/10 16:40:59 456] isr_1conn  288  netperf:  18  
[2016/03/10 16:40:59 660] isr_1conn  315  send_ok_num, timer_num, send_average =   0  181  0  
[2016/03/10 16:40:59 661] isr_1conn  318  netperf =   30  
[2016/03/10 16:40:59 757] isr_1conn  288  netperf:  18  
[2016/03/10 16:41:00 058] isr_1conn  288  netperf:  10  
[2016/03/10 16:41:00 062] isr_1conn  315  send_ok_num, timer_num, send_average =   0  182  0  
[2016/03/10 16:41:00 062] isr_1conn  318  netperf =   30  
[2016/03/10 16:41:00 360] isr_1conn  288  netperf:  12  
[2016/03/10 16:41:00 463] isr_1conn  315  send_ok_num, timer_num, send_average =   0  183  0  
[2016/03/10 16:41:00 464] isr_1conn  318  netperf =   30  
[2016/03/10 16:41:00 661] isr_1conn  288  netperf:  12  
[2016/03/10 16:41:00 865] isr_1conn  315  send_ok_num, timer_num, send_average =   0  184  0  
[2016/03/10 16:41:00 866] isr_1conn  318  netperf =   30  
[2016/03/10 16:41:00 962] isr_1conn  288  netperf:  14  
[2016/03/10 16:41:01 264] isr_1conn  288  netperf:  15  
[2016/03/10 16:41:01 266] isr_1conn  315  send_ok_num, timer_num, send_average =   0  185  0  
[2016/03/10 16:41:01 267] isr_1conn  318  netperf =   30  
[2016/03/10 16:41:01 565] isr_1conn  288  netperf:  17  
[2016/03/10 16:41:01 667] isr_1conn  315  send_ok_num, timer_num, send_average =   0  186  0  
[2016/03/10 16:41:01 668] isr_1conn  318  netperf =   30  
[2016/03/10 16:41:01 867] isr_1conn  288  netperf:  18  
[2016/03/10 16:41:02 069] isr_1conn  315  send_ok_num, timer_num, send_average =   0  187  0  
[2016/03/10 16:41:02 070] isr_1conn  318  netperf =   30  
[2016/03/10 16:41:02 168] isr_1conn  288  netperf:  19  
[2016/03/10 16:41:02 469] isr_1conn  288  netperf:  11  
[2016/03/10 16:41:02 471] isr_1conn  315  send_ok_num, timer_num, send_average =   0  188  0  
[2016/03/10 16:41:02 472] isr_1conn  318  netperf =   30  
[2016/03/10 16:41:02 770] isr_1conn  288  netperf:  12  
[2016/03/10 16:41:02 872] isr_1conn  315  send_ok_num, timer_num, send_average =   0  189  0  
[2016/03/10 16:41:02 873] isr_1conn  318  netperf =   30  
[2016/03/10 16:41:03 071] isr_1conn  288  netperf:  12  
[2016/03/10 16:41:03 274] isr_1conn  315  send_ok_num, timer_num, send_average =   0  190  0  
[2016/03/10 16:41:03 275] isr_1conn  318  netperf =   30  
[2016/03/10 16:41:03 372] isr_1conn  288  netperf:  13  
[2016/03/10 16:41:03 673] isr_1conn  288  netperf:  14  
[2016/03/10 16:41:03 675] isr_1conn  315  send_ok_num, timer_num, send_average =   0  191  0  
[2016/03/10 16:41:03 676] isr_1conn  318  netperf =   30  
[2016/03/10 16:41:03 974] isr_1conn  288  netperf:  15  
[2016/03/10 16:41:04 077] isr_1conn  315  send_ok_num, timer_num, send_average =   0  192  0  
[2016/03/10 16:41:04 077] isr_1conn  318  netperf =   30  
[2016/03/10 16:41:04 275] isr_1conn  288  netperf:  16  
[2016/03/10 16:41:04 478] isr_1conn  315  send_ok_num, timer_num, send_average =   0  193  0  
[2016/03/10 16:41:04 479] isr_1conn  318  netperf =   30  
[2016/03/10 16:41:04 576] isr_1conn  288  netperf:  18  
[2016/03/10 16:41:04 877] isr_1conn  288  netperf:  19  
[2016/03/10 16:41:04 880] isr_1conn  315  send_ok_num, timer_num, send_average =   0  194  0  
[2016/03/10 16:41:04 880] isr_1conn  318  netperf =   30  
[2016/03/10 16:41:05 178] isr_1conn  288  netperf:  10  
[2016/03/10 16:41:05 281] isr_1conn  315  send_ok_num, timer_num, send_average =   0  195  0  
[2016/03/10 16:41:05 282] isr_1conn  318  netperf =   30  
[2016/03/10 16:41:05 479] isr_1conn  288  netperf:  10  
[2016/03/10 16:41:05 683] isr_1conn  315  send_ok_num, timer_num, send_average =   0  196  0  
[2016/03/10 16:41:05 683] isr_1conn  318  netperf =   30  
[2016/03/10 16:41:05 780] isr_1conn  288  netperf:  12  
[2016/03/10 16:41:06 081] isr_1conn  288  netperf:  13  
[2016/03/10 16:41:06 084] isr_1conn  315  send_ok_num, timer_num, send_average =   0  197  0  
[2016/03/10 16:41:06 085] isr_1conn  318  netperf =   30  
[2016/03/10 16:41:06 382] isr_1conn  288  netperf:  14  
[2016/03/10 16:41:06 485] isr_1conn  315  send_ok_num, timer_num, send_average =   0  198  0  
[2016/03/10 16:41:06 485] isr_1conn  318  netperf =   30  
[2016/03/10 16:41:06 684] isr_1conn  288  netperf:  15  
[2016/03/10 16:41:06 886] isr_1conn  315  send_ok_num, timer_num, send_average =   0  199  0  
[2016/03/10 16:41:06 887] isr_1conn  318  netperf =   30  
[2016/03/10 16:41:06 985] isr_1conn  288  netperf:  16  
[2016/03/10 16:41:07 286] isr_1conn  288  netperf:  17  
[2016/03/10 16:41:07 287] isr_1conn  315  send_ok_num, timer_num, send_average =   0  200  0  
[2016/03/10 16:41:07 288] isr_1conn  318  netperf =   30  
[2016/03/10 16:41:07 587] isr_1conn  288  netperf:  18  
[2016/03/10 16:41:07 689] isr_1conn  315  send_ok_num, timer_num, send_average =   0  201  0  
[2016/03/10 16:41:07 689] isr_1conn  318  netperf =   30  
[2016/03/10 16:41:07 888] isr_1conn  288  netperf:  19  
[2016/03/10 16:41:08 097] isr_1conn  315  send_ok_num, timer_num, send_average =   0  202  0  
[2016/03/10 16:41:08 098] isr_1conn  318  netperf =   30  
[2016/03/10 16:41:08 189] isr_1conn  288  netperf:  10  
[2016/03/10 16:41:08 490] isr_1conn  288  netperf:  12  
[2016/03/10 16:41:08 499] isr_1conn  315  send_ok_num, timer_num, send_average =   0  203  0  
[2016/03/10 16:41:08 500] isr_1conn  318  netperf =   30  
[2016/03/10 16:41:08 791] isr_1conn  288  netperf:  13  
[2016/03/10 16:41:08 900] isr_1conn  315  send_ok_num, timer_num, send_average =   0  204  0  
[2016/03/10 16:41:08 900] isr_1conn  318  netperf =   30  
[2016/03/10 16:41:09 093] isr_1conn  288  netperf:  14  
[2016/03/10 16:41:09 301] isr_1conn  315  send_ok_num, timer_num, send_average =   0  205  0  
[2016/03/10 16:41:09 302] isr_1conn  318  netperf =   30  
[2016/03/10 16:41:09 394] isr_1conn  288  netperf:  16  
[2016/03/10 16:41:09 696] isr_1conn  288  netperf:  17  
[2016/03/10 16:41:09 702] isr_1conn  315  send_ok_num, timer_num, send_average =   0  206  0  
[2016/03/10 16:41:09 703] isr_1conn  318  netperf =   30  
[2016/03/10 16:41:09 997] isr_1conn  288  netperf:  19  
[2016/03/10 16:41:10 105] isr_1conn  315  send_ok_num, timer_num, send_average =   0  207  0  
[2016/03/10 16:41:10 106] isr_1conn  318  netperf =   30  
[2016/03/10 16:41:10 299] isr_1conn  288  netperf:  10  
[2016/03/10 16:41:10 506] isr_1conn  315  send_ok_num, timer_num, send_average =   0  208  0  
[2016/03/10 16:41:10 507] isr_1conn  318  netperf =   30  
[2016/03/10 16:41:10 600] isr_1conn  288  netperf:  12  
[2016/03/10 16:41:10 902] isr_1conn  288  netperf:  13  
[2016/03/10 16:41:10 907] isr_1conn  315  send_ok_num, timer_num, send_average =   0  209  0  
[2016/03/10 16:41:10 908] isr_1conn  318  netperf =   30  
[2016/03/10 16:41:11 204] isr_1conn  288  netperf:  15  
[2016/03/10 16:41:11 308] isr_1conn  315  send_ok_num, timer_num, send_average =   0  210  0  
[2016/03/10 16:41:11 309] isr_1conn  318  netperf =   30  
[2016/03/10 16:41:11 507] isr_1conn  288  netperf:  18  
[2016/03/10 16:41:11 709] isr_1conn  315  send_ok_num, timer_num, send_average =   0  211  0  
[2016/03/10 16:41:11 709] isr_1conn  318  netperf =   30  
[2016/03/10 16:41:11 808] isr_1conn  288  netperf:  10  
[2016/03/10 16:41:12 109] isr_1conn  288  netperf:  11  
[2016/03/10 16:41:12 110] isr_1conn  315  send_ok_num, timer_num, send_average =   0  212  0  
[2016/03/10 16:41:12 111] isr_1conn  318  netperf =   30  
[2016/03/10 16:41:12 412] isr_1conn  288  netperf:  13  
[2016/03/10 16:41:12 512] isr_1conn  315  send_ok_num, timer_num, send_average =   0  213  0  
[2016/03/10 16:41:12 513] isr_1conn  318  netperf =   30  
[2016/03/10 16:41:12 719] isr_1conn  288  netperf:  10  
[2016/03/10 16:41:12 914] isr_1conn  315  send_ok_num, timer_num, send_average =   0  214  0  
[2016/03/10 16:41:12 914] isr_1conn  318  netperf =   30  
[2016/03/10 16:41:13 020] isr_1conn  288  netperf:  12  
[2016/03/10 16:41:13 315] isr_1conn  315  send_ok_num, timer_num, send_average =   0  215  0  
[2016/03/10 16:41:13 316] isr_1conn  318  netperf =   30  
[2016/03/10 16:41:13 320] isr_1conn  288  netperf:  12  
[2016/03/10 16:41:13 621] isr_1conn  288  netperf:  12  
[2016/03/10 16:41:13 717] isr_1conn  315  send_ok_num, timer_num, send_average =   0  216  0  
[2016/03/10 16:41:13 718] isr_1conn  318  netperf =   30  
[2016/03/10 16:41:13 922] isr_1conn  288  netperf:  14  
[2016/03/10 16:41:14 118] isr_1conn  315  send_ok_num, timer_num, send_average =   0  217  0  
[2016/03/10 16:41:14 119] isr_1conn  318  netperf =   30  
[2016/03/10 16:41:14 223] isr_1conn  288  netperf:  14  
[2016/03/10 16:41:14 520] isr_1conn  315  send_ok_num, timer_num, send_average =   0  218  0  
[2016/03/10 16:41:14 520] isr_1conn  318  netperf =   30  
[2016/03/10 16:41:14 524] isr_1conn  288  netperf:  15  
[2016/03/10 16:41:14 825] isr_1conn  288  netperf:  16  
[2016/03/10 16:41:14 921] isr_1conn  315  send_ok_num, timer_num, send_average =   0  219  0  
[2016/03/10 16:41:14 922] isr_1conn  318  netperf =   30  
[2016/03/10 16:41:15 126] isr_1conn  288  netperf:  17  
[2016/03/10 16:41:15 323] isr_1conn  315  send_ok_num, timer_num, send_average =   0  220  0  
[2016/03/10 16:41:15 324] isr_1conn  318  netperf =   30  
[2016/03/10 16:41:15 427] isr_1conn  288  netperf:  18  
[2016/03/10 16:41:15 725] isr_1conn  315  send_ok_num, timer_num, send_average =   0  221  0  
[2016/03/10 16:41:15 726] isr_1conn  318  netperf =   30  
[2016/03/10 16:41:15 728] isr_1conn  288  netperf:  19  
[2016/03/10 16:41:16 029] isr_1conn  288  netperf:  11  
[2016/03/10 16:41:16 127] isr_1conn  315  send_ok_num, timer_num, send_average =   0  222  0  
[2016/03/10 16:41:16 127] isr_1conn  318  netperf =   30  
[2016/03/10 16:41:16 331] isr_1conn  288  netperf:  13  
[2016/03/10 16:41:16 528] isr_1conn  315  send_ok_num, timer_num, send_average =   0  223  0  
[2016/03/10 16:41:16 529] isr_1conn  318  netperf =   30  
[2016/03/10 16:41:16 633] isr_1conn  288  netperf:  14  
[2016/03/10 16:41:16 930] isr_1conn  315  send_ok_num, timer_num, send_average =   0  224  0  
[2016/03/10 16:41:16 931] isr_1conn  318  netperf =   30  
[2016/03/10 16:41:16 934] isr_1conn  288  netperf:  15  
[2016/03/10 16:41:17 235] isr_1conn  288  netperf:  17  
[2016/03/10 16:41:17 332] isr_1conn  315  send_ok_num, timer_num, send_average =   0  225  0  
[2016/03/10 16:41:17 333] isr_1conn  318  netperf =   30  
[2016/03/10 16:41:17 536] isr_1conn  288  netperf:  17  
[2016/03/10 16:41:17 734] isr_1conn  315  send_ok_num, timer_num, send_average =   0  226  0  
[2016/03/10 16:41:17 735] isr_1conn  318  netperf =   30  
[2016/03/10 16:41:17 836] isr_1conn  288  netperf:  18  
[2016/03/10 16:41:18 135] isr_1conn  315  send_ok_num, timer_num, send_average =   0  227  0  
[2016/03/10 16:41:18 136] isr_1conn  318  netperf =   30  
[2016/03/10 16:41:18 137] isr_1conn  288  netperf:  19  
[2016/03/10 16:41:18 438] isr_1conn  288  netperf:  10  
[2016/03/10 16:41:18 537] isr_1conn  315  send_ok_num, timer_num, send_average =   0  228  0  
[2016/03/10 16:41:18 538] isr_1conn  318  netperf =   30  
[2016/03/10 16:41:18 738] isr_1conn  288  netperf:  10  
[2016/03/10 16:41:18 939] isr_1conn  315  send_ok_num, timer_num, send_average =   0  229  0  
[2016/03/10 16:41:18 940] isr_1conn  318  netperf =   30  
[2016/03/10 16:41:19 039] isr_1conn  288  netperf:  10  
[2016/03/10 16:41:19 340] isr_1conn  288  netperf:  11  
[2016/03/10 16:41:19 341] isr_1conn  315  send_ok_num, timer_num, send_average =   0  230  0  
[2016/03/10 16:41:19 341] isr_1conn  318  netperf =   30  
[2016/03/10 16:41:19 640] isr_1conn  288  netperf:  12  
[2016/03/10 16:41:19 742] isr_1conn  315  send_ok_num, timer_num, send_average =   0  231  0  
[2016/03/10 16:41:19 742] isr_1conn  318  netperf =   30  
[2016/03/10 16:41:19 942] isr_1conn  288  netperf:  14  
[2016/03/10 16:41:20 143] isr_1conn  315  send_ok_num, timer_num, send_average =   0  232  0  
[2016/03/10 16:41:20 143] isr_1conn  318  netperf =   30  
[2016/03/10 16:41:20 244] isr_1conn  288  netperf:  16  
[2016/03/10 16:41:20 544] isr_1conn  315  send_ok_num, timer_num, send_average =   0  233  0  
[2016/03/10 16:41:20 545] isr_1conn  318  netperf =   30  
[2016/03/10 16:41:20 546] isr_1conn  288  netperf:  18  
[2016/03/10 16:41:20 848] isr_1conn  288  netperf:  19  
[2016/03/10 16:41:20 945] isr_1conn  315  send_ok_num, timer_num, send_average =   0  234  0  
[2016/03/10 16:41:20 946] isr_1conn  318  netperf =   30  
[2016/03/10 16:41:21 149] isr_1conn  288  netperf:  10  
[2016/03/10 16:41:21 347] isr_1conn  315  send_ok_num, timer_num, send_average =   0  235  0  
[2016/03/10 16:41:21 348] isr_1conn  318  netperf =   30  
[2016/03/10 16:41:21 450] isr_1conn  288  netperf:  12  
[2016/03/10 16:41:21 749] isr_1conn  315  send_ok_num, timer_num, send_average =   0  236  0  
[2016/03/10 16:41:21 749] isr_1conn  318  netperf =   30  
[2016/03/10 16:41:21 752] isr_1conn  288  netperf:  14  
[2016/03/10 16:41:22 053] isr_1conn  288  netperf:  15  
[2016/03/10 16:41:22 149] isr_1conn  315  send_ok_num, timer_num, send_average =   0  237  0  
[2016/03/10 16:41:22 150] isr_1conn  318  netperf =   30  
[2016/03/10 16:41:22 355] isr_1conn  288  netperf:  16  
[2016/03/10 16:41:22 551] isr_1conn  315  send_ok_num, timer_num, send_average =   0  238  0  
[2016/03/10 16:41:22 552] isr_1conn  318  netperf =   30  
[2016/03/10 16:41:22 656] isr_1conn  288  netperf:  18  
[2016/03/10 16:41:22 952] isr_1conn  315  send_ok_num, timer_num, send_average =   0  239  0  
[2016/03/10 16:41:22 953] isr_1conn  318  netperf =   30  
[2016/03/10 16:41:22 957] isr_1conn  288  netperf:  19  
[2016/03/10 16:41:23 258] isr_1conn  288  netperf:  10  
[2016/03/10 16:41:23 353] isr_1conn  315  send_ok_num, timer_num, send_average =   0  240  0  
[2016/03/10 16:41:23 354] isr_1conn  318  netperf =   30  
[2016/03/10 16:41:23 559] isr_1conn  288  netperf:  11  
[2016/03/10 16:41:23 753] isr_1conn  315  send_ok_num, timer_num, send_average =   0  241  0  
[2016/03/10 16:41:23 754] isr_1conn  318  netperf =   30  
[2016/03/10 16:41:23 861] isr_1conn  288  netperf:  12  
[2016/03/10 16:41:24 155] isr_1conn  315  send_ok_num, timer_num, send_average =   0  242  0  
[2016/03/10 16:41:24 155] isr_1conn  318  netperf =   30  
[2016/03/10 16:41:24 162] isr_1conn  288  netperf:  13  
[2016/03/10 16:41:24 463] isr_1conn  288  netperf:  14  
[2016/03/10 16:41:24 556] isr_1conn  315  send_ok_num, timer_num, send_average =   0  243  0  
[2016/03/10 16:41:24 557] isr_1conn  318  netperf =   30  
[2016/03/10 16:41:24 764] isr_1conn  288  netperf:  15  
[2016/03/10 16:41:24 958] isr_1conn  315  send_ok_num, timer_num, send_average =   0  244  0  
[2016/03/10 16:41:24 958] isr_1conn  318  netperf =   30  
[2016/03/10 16:41:25 065] isr_1conn  288  netperf:  16  
[2016/03/10 16:41:25 359] isr_1conn  315  send_ok_num, timer_num, send_average =   0  245  0  
[2016/03/10 16:41:25 360] isr_1conn  318  netperf =   30  
[2016/03/10 16:41:25 366] isr_1conn  288  netperf:  18  
[2016/03/10 16:41:25 667] isr_1conn  288  netperf:  18  
[2016/03/10 16:41:25 759] isr_1conn  315  send_ok_num, timer_num, send_average =   0  246  0  
[2016/03/10 16:41:25 760] isr_1conn  318  netperf =   30  
[2016/03/10 16:41:25 968] isr_1conn  288  netperf:  19  
[2016/03/10 16:41:26 161] isr_1conn  315  send_ok_num, timer_num, send_average =   0  247  0  
[2016/03/10 16:41:26 161] isr_1conn  318  netperf =   30  
[2016/03/10 16:41:26 269] isr_1conn  288  netperf:  10  
[2016/03/10 16:41:26 562] isr_1conn  315  send_ok_num, timer_num, send_average =   0  248  0  
[2016/03/10 16:41:26 563] isr_1conn  318  netperf =   30  
[2016/03/10 16:41:26 570] isr_1conn  288  netperf:  12  
[2016/03/10 16:41:26 871] isr_1conn  288  netperf:  13  
[2016/03/10 16:41:26 963] isr_1conn  315  send_ok_num, timer_num, send_average =   0  249  0  
[2016/03/10 16:41:26 963] isr_1conn  318  netperf =   30  
[2016/03/10 16:41:27 172] isr_1conn  288  netperf:  14  
[2016/03/10 16:41:27 364] isr_1conn  315  send_ok_num, timer_num, send_average =   0  250  0  
[2016/03/10 16:41:27 365] isr_1conn  318  netperf =   30  
[2016/03/10 16:41:27 473] isr_1conn  288  netperf:  15  
[2016/03/10 16:41:27 765] isr_1conn  315  send_ok_num, timer_num, send_average =   0  251  0  
[2016/03/10 16:41:27 765] isr_1conn  318  netperf =   30  
[2016/03/10 16:41:27 775] isr_1conn  288  netperf:  16  
[2016/03/10 16:41:28 076] isr_1conn  288  netperf:  17  
[2016/03/10 16:41:28 166] isr_1conn  315  send_ok_num, timer_num, send_average =   0  252  0  
[2016/03/10 16:41:28 166] isr_1conn  318  netperf =   30  
[2016/03/10 16:41:28 377] isr_1conn  288  netperf:  18  
[2016/03/10 16:41:28 567] isr_1conn  315  send_ok_num, timer_num, send_average =   0  253  0  
[2016/03/10 16:41:28 567] isr_1conn  318  netperf =   30  
[2016/03/10 16:41:28 678] isr_1conn  288  netperf:  19  
[2016/03/10 16:41:28 968] isr_1conn  315  send_ok_num, timer_num, send_average =   0  254  0  
[2016/03/10 16:41:28 969] isr_1conn  318  netperf =   30  
[2016/03/10 16:41:28 978] isr_1conn  288  netperf:  10  
[2016/03/10 16:41:29 280] isr_1conn  288  netperf:  11  
[2016/03/10 16:41:29 370] isr_1conn  315  send_ok_num, timer_num, send_average =   0  255  0  
[2016/03/10 16:41:29 370] isr_1conn  318  netperf =   30  
[2016/03/10 16:41:29 581] isr_1conn  288  netperf:  13  
[2016/03/10 16:41:29 771] isr_1conn  315  send_ok_num, timer_num, send_average =   0  256  0  
[2016/03/10 16:41:29 771] isr_1conn  318  netperf =   30  
[2016/03/10 16:41:29 883] isr_1conn  288  netperf:  14  
[2016/03/10 16:41:30 172] isr_1conn  315  send_ok_num, timer_num, send_average =   0  257  0  
[2016/03/10 16:41:30 173] isr_1conn  318  netperf =   30  
[2016/03/10 16:41:30 184] isr_1conn  288  netperf:  16  
[2016/03/10 16:41:30 485] isr_1conn  288  netperf:  17  
[2016/03/10 16:41:30 573] isr_1conn  315  send_ok_num, timer_num, send_average =   0  258  0  
[2016/03/10 16:41:30 574] isr_1conn  318  netperf =   30  
[2016/03/10 16:41:30 786] isr_1conn  288  netperf:  17  
[2016/03/10 16:41:30 975] isr_1conn  315  send_ok_num, timer_num, send_average =   0  259  0  
[2016/03/10 16:41:30 975] isr_1conn  318  netperf =   30  
[2016/03/10 16:41:31 087] isr_1conn  288  netperf:  18  
[2016/03/10 16:41:31 376] isr_1conn  315  send_ok_num, timer_num, send_average =   0  260  0  
[2016/03/10 16:41:31 376] isr_1conn  318  netperf =   30  
[2016/03/10 16:41:31 388] isr_1conn  288  netperf:  10  
[2016/03/10 16:41:31 689] isr_1conn  288  netperf:  10  
[2016/03/10 16:41:31 777] isr_1conn  315  send_ok_num, timer_num, send_average =   0  261  0  
[2016/03/10 16:41:31 777] isr_1conn  318  netperf =   30  
[2016/03/10 16:41:31 990] isr_1conn  288  netperf:  11  
[2016/03/10 16:41:32 178] isr_1conn  315  send_ok_num, timer_num, send_average =   0  262  0  
[2016/03/10 16:41:32 178] isr_1conn  318  netperf =   30  
[2016/03/10 16:41:32 291] isr_1conn  288  netperf:  13  
[2016/03/10 16:41:32 579] isr_1conn  315  send_ok_num, timer_num, send_average =   0  263  0  
[2016/03/10 16:41:32 580] isr_1conn  318  netperf =   30  
[2016/03/10 16:41:32 592] isr_1conn  288  netperf:  14  
[2016/03/10 16:41:32 893] isr_1conn  288  netperf:  15  
[2016/03/10 16:41:32 980] isr_1conn  315  send_ok_num, timer_num, send_average =   0  264  0  
[2016/03/10 16:41:32 981] isr_1conn  318  netperf =   30  
[2016/03/10 16:41:33 193] isr_1conn  288  netperf:  15  
[2016/03/10 16:41:33 382] isr_1conn  315  send_ok_num, timer_num, send_average =   0  265  0  
[2016/03/10 16:41:33 383] isr_1conn  318  netperf =   30  
[2016/03/10 16:41:33 494] isr_1conn  288  netperf:  15  
[2016/03/10 16:41:33 784] isr_1conn  315  send_ok_num, timer_num, send_average =   0  266  0  
[2016/03/10 16:41:33 784] isr_1conn  318  netperf =   30  
[2016/03/10 16:41:33 795] isr_1conn  288  netperf:  16  
[2016/03/10 16:41:34 096] isr_1conn  288  netperf:  18  
[2016/03/10 16:41:34 185] isr_1conn  315  send_ok_num, timer_num, send_average =   0  267  0  
[2016/03/10 16:41:34 186] isr_1conn  318  netperf =   30  
[2016/03/10 16:41:34 397] isr_1conn  288  netperf:  18  
[2016/03/10 16:41:34 588] isr_1conn  315  send_ok_num, timer_num, send_average =   0  268  0  
[2016/03/10 16:41:34 589] isr_1conn  318  netperf =   30  
[2016/03/10 16:41:34 698] isr_1conn  288  netperf:  19  
[2016/03/10 16:41:34 990] isr_1conn  315  send_ok_num, timer_num, send_average =   0  269  0  
[2016/03/10 16:41:34 991] isr_1conn  318  netperf =   30  
[2016/03/10 16:41:34 999] isr_1conn  288  netperf:  10  
[2016/03/10 16:41:35 300] isr_1conn  288  netperf:  11  
[2016/03/10 16:41:35 392] isr_1conn  315  send_ok_num, timer_num, send_average =   0  270  0  
[2016/03/10 16:41:35 392] isr_1conn  318  netperf =   30  
[2016/03/10 16:41:35 601] isr_1conn  288  netperf:  12  
[2016/03/10 16:41:35 793] isr_1conn  315  send_ok_num, timer_num, send_average =   0  271  0  
[2016/03/10 16:41:35 794] isr_1conn  318  netperf =   30  
[2016/03/10 16:41:35 902] isr_1conn  288  netperf:  14  
[2016/03/10 16:41:36 194] isr_1conn  315  send_ok_num, timer_num, send_average =   0  272  0  
[2016/03/10 16:41:36 195] isr_1conn  318  netperf =   30  
[2016/03/10 16:41:36 203] isr_1conn  288  netperf:  14  
[2016/03/10 16:41:36 504] isr_1conn  288  netperf:  15  
[2016/03/10 16:41:36 596] isr_1conn  315  send_ok_num, timer_num, send_average =   0  273  0  
[2016/03/10 16:41:36 596] isr_1conn  318  netperf =   30  
[2016/03/10 16:41:36 805] isr_1conn  288  netperf:  17  
[2016/03/10 16:41:36 997] isr_1conn  315  send_ok_num, timer_num, send_average =   0  274  0  
[2016/03/10 16:41:36 998] isr_1conn  318  netperf =   30  
[2016/03/10 16:41:37 106] isr_1conn  288  netperf:  18  
[2016/03/10 16:41:37 398] isr_1conn  315  send_ok_num, timer_num, send_average =   0  275  0  
[2016/03/10 16:41:37 399] isr_1conn  318  netperf =   30  
[2016/03/10 16:41:37 407] isr_1conn  288  netperf:  18  
[2016/03/10 16:41:37 708] isr_1conn  288  netperf:  10  
[2016/03/10 16:41:37 800] isr_1conn  315  send_ok_num, timer_num, send_average =   0  276  0  
[2016/03/10 16:41:37 801] isr_1conn  318  netperf =   30  
[2016/03/10 16:41:38 009] isr_1conn  288  netperf:  10  
[2016/03/10 16:41:38 202] isr_1conn  315  send_ok_num, timer_num, send_average =   0  277  0  
[2016/03/10 16:41:38 203] isr_1conn  318  netperf =   30  
[2016/03/10 16:41:38 310] isr_1conn  288  netperf:  11  
[2016/03/10 16:41:38 604] isr_1conn  315  send_ok_num, timer_num, send_average =   0  278  0  
[2016/03/10 16:41:38 604] isr_1conn  318  netperf =   30  
[2016/03/10 16:41:38 611] isr_1conn  288  netperf:  12  
[2016/03/10 16:41:38 912] isr_1conn  288  netperf:  13  
[2016/03/10 16:41:39 005] isr_1conn  315  send_ok_num, timer_num, send_average =   0  279  0  
[2016/03/10 16:41:39 005] isr_1conn  318  netperf =   30  
[2016/03/10 16:41:39 213] isr_1conn  288  netperf:  15  
[2016/03/10 16:41:39 406] isr_1conn  315  send_ok_num, timer_num, send_average =   0  280  0  
[2016/03/10 16:41:39 407] isr_1conn  318  netperf =   30  
[2016/03/10 16:41:39 514] isr_1conn  288  netperf:  15  
[2016/03/10 16:41:39 808] isr_1conn  315  send_ok_num, timer_num, send_average =   0  281  0  
[2016/03/10 16:41:39 809] isr_1conn  318  netperf =   30  
[2016/03/10 16:41:39 815] isr_1conn  288  netperf:  17  
[2016/03/10 16:41:40 117] isr_1conn  288  netperf:  18  
[2016/03/10 16:41:40 209] isr_1conn  315  send_ok_num, timer_num, send_average =   0  282  0  
[2016/03/10 16:41:40 210] isr_1conn  318  netperf =   30  
[2016/03/10 16:41:40 418] isr_1conn  288  netperf:  19  
[2016/03/10 16:41:40 611] isr_1conn  315  send_ok_num, timer_num, send_average =   0  283  0  
[2016/03/10 16:41:40 612] isr_1conn  318  netperf =   30  
[2016/03/10 16:41:40 719] isr_1conn  288  netperf:  10  
[2016/03/10 16:41:41 013] isr_1conn  315  send_ok_num, timer_num, send_average =   0  284  0  
[2016/03/10 16:41:41 014] isr_1conn  318  netperf =   30  
[2016/03/10 16:41:41 020] isr_1conn  288  netperf:  11  
[2016/03/10 16:41:41 321] isr_1conn  288  netperf:  12  
[2016/03/10 16:41:41 415] isr_1conn  315  send_ok_num, timer_num, send_average =   0  285  0  
[2016/03/10 16:41:41 416] isr_1conn  318  netperf =   30  
[2016/03/10 16:41:41 622] isr_1conn  288  netperf:  13  
[2016/03/10 16:41:41 817] isr_1conn  315  send_ok_num, timer_num, send_average =   0  286  0  
[2016/03/10 16:41:41 818] isr_1conn  318  netperf =   30  
[2016/03/10 16:41:41 923] isr_1conn  288  netperf:  14  
[2016/03/10 16:41:42 219] isr_1conn  315  send_ok_num, timer_num, send_average =   0  287  0  
[2016/03/10 16:41:42 220] isr_1conn  318  netperf =   30  
[2016/03/10 16:41:42 224] isr_1conn  288  netperf:  15  
[2016/03/10 16:41:42 525] isr_1conn  288  netperf:  17  
[2016/03/10 16:41:42 622] isr_1conn  315  send_ok_num, timer_num, send_average =   0  288  0  
[2016/03/10 16:41:42 625] isr_1conn  318  netperf =   30  
[2016/03/10 16:41:42 826] isr_1conn  288  netperf:  18  
[2016/03/10 16:41:43 026] isr_1conn  315  send_ok_num, timer_num, send_average =   0  289  0  
[2016/03/10 16:41:43 026] isr_1conn  318  netperf =   30  
[2016/03/10 16:41:43 126] isr_1conn  288  netperf:  18  
[2016/03/10 16:41:43 428] isr_1conn  288  netperf:  19  
[2016/03/10 16:41:43 429] isr_1conn  315  send_ok_num, timer_num, send_average =   0  290  0  
[2016/03/10 16:41:43 430] isr_1conn  318  netperf =   30  
[2016/03/10 16:41:43 731] isr_1conn  288  netperf:  12  
[2016/03/10 16:41:43 831] isr_1conn  315  send_ok_num, timer_num, send_average =   0  291  0  
[2016/03/10 16:41:43 832] isr_1conn  318  netperf =   30  
[2016/03/10 16:41:44 032] isr_1conn  288  netperf:  14  
[2016/03/10 16:41:44 233] isr_1conn  315  send_ok_num, timer_num, send_average =   0  292  0  
[2016/03/10 16:41:44 233] isr_1conn  318  netperf =   30  
[2016/03/10 16:41:44 334] isr_1conn  288  netperf:  16  
[2016/03/10 16:41:44 634] isr_1conn  315  send_ok_num, timer_num, send_average =   0  293  0  
[2016/03/10 16:41:44 635] isr_1conn  318  netperf =   30  
[2016/03/10 16:41:44 636] isr_1conn  288  netperf:  17  
[2016/03/10 16:41:44 937] isr_1conn  288  netperf:  18  
[2016/03/10 16:41:45 037] isr_1conn  315  send_ok_num, timer_num, send_average =   0  294  0  
[2016/03/10 16:41:45 038] isr_1conn  318  netperf =   30  
[2016/03/10 16:41:45 238] isr_1conn  288  netperf:  19  
[2016/03/10 16:41:45 440] isr_1conn  315  send_ok_num, timer_num, send_average =   0  295  0  
[2016/03/10 16:41:45 442] isr_1conn  318  netperf =   30  
[2016/03/10 16:41:45 539] isr_1conn  288  netperf:  10  
[2016/03/10 16:41:45 840] isr_1conn  288  netperf:  12  
[2016/03/10 16:41:45 842] isr_1conn  315  send_ok_num, timer_num, send_average =   0  296  0  
[2016/03/10 16:41:45 843] isr_1conn  318  netperf =   30  
[2016/03/10 16:41:46 142] isr_1conn  288  netperf:  13  
[2016/03/10 16:41:46 244] isr_1conn  315  send_ok_num, timer_num, send_average =   0  297  0  
[2016/03/10 16:41:46 245] isr_1conn  318  netperf =   30  
[2016/03/10 16:41:46 443] isr_1conn  288  netperf:  14  
[2016/03/10 16:41:46 646] isr_1conn  315  send_ok_num, timer_num, send_average =   0  298  0  
[2016/03/10 16:41:46 646] isr_1conn  318  netperf =   30  
[2016/03/10 16:41:46 744] isr_1conn  288  netperf:  16  
[2016/03/10 16:41:47 046] isr_1conn  288  netperf:  17  
[2016/03/10 16:41:47 048] isr_1conn  315  send_ok_num, timer_num, send_average =   0  299  0  
[2016/03/10 16:41:47 048] isr_1conn  318  netperf =   30  
[2016/03/10 16:41:47 348] isr_1conn  288  netperf:  19  
[2016/03/10 16:41:47 449] isr_1conn  315  send_ok_num, timer_num, send_average =   0  300  0  
[2016/03/10 16:41:47 450] isr_1conn  318  netperf =   30  
[2016/03/10 16:41:47 649] isr_1conn  288  netperf:  10  
[2016/03/10 16:41:48 559] isr_1conn  315  send_ok_num, timer_num, send_average =   0  301  0  
[2016/03/10 16:41:48 559] isr_1conn  318  netperf =   30  
[2016/03/10 16:41:48 560] isr_1conn  288  netperf:  12  
[2016/03/10 16:41:48 861] isr_1conn  288  netperf:  12  
[2016/03/10 16:41:48 960] isr_1conn  315  send_ok_num, timer_num, send_average =   0  302  0  
[2016/03/10 16:41:48 960] isr_1conn  318  netperf =   30  
[2016/03/10 16:41:49 162] isr_1conn  288  netperf:  14  
[2016/03/10 16:41:49 361] isr_1conn  315  send_ok_num, timer_num, send_average =   0  303  0  
[2016/03/10 16:41:49 362] isr_1conn  318  netperf =   30  
[2016/03/10 16:41:49 462] isr_1conn  288  netperf:  14  
[2016/03/10 16:41:49 763] isr_1conn  288  netperf:  14  
[2016/03/10 16:41:49 763] isr_1conn  315  send_ok_num, timer_num, send_average =   0  304  0  
[2016/03/10 16:41:49 764] isr_1conn  318  netperf =   30  
[2016/03/10 16:41:50 064] isr_1conn  288  netperf:  16  
[2016/03/10 16:41:50 164] isr_1conn  315  send_ok_num, timer_num, send_average =   0  305  0  
[2016/03/10 16:41:50 165] isr_1conn  318  netperf =   30  
[2016/03/10 16:41:50 364] isr_1conn  288  netperf:  16  
[2016/03/10 16:41:50 566] isr_1conn  315  send_ok_num, timer_num, send_average =   0  306  0  
[2016/03/10 16:41:50 566] isr_1conn  318  netperf =   30  
[2016/03/10 16:41:50 666] isr_1conn  288  netperf:  17  
[2016/03/10 16:41:50 966] isr_1conn  288  netperf:  18  
[2016/03/10 16:41:50 967] isr_1conn  315  send_ok_num, timer_num, send_average =   0  307  0  
[2016/03/10 16:41:50 968] isr_1conn  318  netperf =   30  
[2016/03/10 16:41:51 268] isr_1conn  288  netperf:  10  
[2016/03/10 16:41:51 368] isr_1conn  315  send_ok_num, timer_num, send_average =   0  308  0  
[2016/03/10 16:41:51 368] isr_1conn  318  netperf =   30  
[2016/03/10 16:41:51 570] isr_1conn  288  netperf:  11  
[2016/03/10 16:41:51 769] isr_1conn  315  send_ok_num, timer_num, send_average =   0  309  0  
[2016/03/10 16:41:51 770] isr_1conn  318  netperf =   30  
[2016/03/10 16:41:51 870] isr_1conn  288  netperf:  12  
[2016/03/10 16:41:52 171] isr_1conn  288  netperf:  13  
[2016/03/10 16:41:52 172] isr_1conn  315  send_ok_num, timer_num, send_average =   0  310  0  
[2016/03/10 16:41:52 172] isr_1conn  318  netperf =   30  
[2016/03/10 16:41:52 473] isr_1conn  288  netperf:  14  
[2016/03/10 16:41:52 573] isr_1conn  315  send_ok_num, timer_num, send_average =   0  311  0  
[2016/03/10 16:41:52 574] isr_1conn  318  netperf =   30  
[2016/03/10 16:41:52 774] isr_1conn  288  netperf:  15  
[2016/03/10 16:41:52 975] isr_1conn  315  send_ok_num, timer_num, send_average =   0  312  0  
[2016/03/10 16:41:52 975] isr_1conn  318  netperf =   30  
[2016/03/10 16:41:53 075] isr_1conn  288  netperf:  16  
[2016/03/10 16:41:53 376] isr_1conn  288  netperf:  17  
[2016/03/10 16:41:53 376] isr_1conn  315  send_ok_num, timer_num, send_average =   0  313  0  
[2016/03/10 16:41:53 377] isr_1conn  318  netperf =   30  
