============================================================
Time  2016/03/14 20:53:32 634 
============================================================
[2016/03/14 20:53:32 637] tts        620  SYS_MSG_REGCB param0 =  msp_status_cb  param1 =  func(74912160) 
[2016/03/14 20:53:32 643] config     16   now we use general cloud  
[2016/03/14 20:53:32 657] tts_cloud  1327 SYS_MSG_REGCB_CLOUD param0 =   msp_status_cb  param1 =  func(74912160) 
[2016/03/14 20:53:32 658] tts        593  TTS_MSG_SSB  
[2016/03/14 20:53:32 659] tts        446  ssb|use cloud  
[2016/03/14 20:53:32 660] tts_cloud  1298 SYS_MSG_LOAD_CLOUD  
[2016/03/14 20:53:32 660] tts_cloud  899  TTS_MSG_SSB_CLOUD  
[2016/03/14 20:53:32 661] tts_cloud  919  tts  ctts1PdHHBHbgFpBMUpbaaHXeP-QPnpHGK  268436457  1428405388  
[2016/03/14 20:53:32 664] tts_cloud  965  not login!  
[2016/03/14 20:53:32 667] tts_cloud  1092 TTS_MSG_SSB | aue=  speex-wb;7   auf=  audio/L16;rate=16000  
[2016/03/14 20:53:32 668] tts_cloud  1102 User set url is   nil  
[2016/03/14 20:53:32 668] transport  596  paramkvsport is   nil  
[2016/03/14 20:53:32 668] transport  801  net type:  standard  
[2016/03/14 20:53:32 669] transport  802  net operator:  def  
[2016/03/14 20:53:32 669] transport  803  use proxy:  false  
[2016/03/14 20:53:32 675] network    85   ipfromenv ,  ipcache  dev.voicecloud.cn  def  nil  
[2016/03/14 20:53:32 675] transport  1033 ns_i =  nil  
[2016/03/14 20:53:32 679] tts        604  TTS_MSG_SSE  
[2016/03/14 20:53:32 679] tts        578  sse|use cloud  
[2016/03/14 20:53:32 679] tts_cloud  1220 TTS_MSG_SSE_CLOUD  
[2016/03/14 20:53:32 680] tts_cloud  791  tts session info  
