============================================================
Time  2016/03/15 16:29:49 330 
============================================================
[2016/03/15 16:29:49 331] tts        620  SYS_MSG_REGCB param0 =  msp_status_cb  param1 =  func(7373be90) 
[2016/03/15 16:29:49 337] config     16   now we use general cloud  
[2016/03/15 16:29:49 352] tts_cloud  1327 SYS_MSG_REGCB_CLOUD param0 =   msp_status_cb  param1 =  func(7373be90) 
[2016/03/15 16:29:49 353] tts        593  TTS_MSG_SSB  
[2016/03/15 16:29:49 354] tts        446  ssb|use cloud  
[2016/03/15 16:29:49 355] tts_cloud  1298 SYS_MSG_LOAD_CLOUD  
[2016/03/15 16:29:49 355] tts_cloud  899  TTS_MSG_SSB_CLOUD  
[2016/03/15 16:29:49 356] tts_cloud  919  tts  ctts1P1HHBHbgGZhHMOasaaB6hWFraI-1QF  268436457  1428405388  
[2016/03/15 16:29:49 358] tts_cloud  965  not login!  
[2016/03/15 16:29:49 363] tts_cloud  1092 TTS_MSG_SSB | aue=  speex-wb;7   auf=  audio/L16;rate=16000  
[2016/03/15 16:29:49 363] tts_cloud  1102 User set url is   nil  
[2016/03/15 16:29:49 364] transport  596  paramkvsport is   nil  
[2016/03/15 16:29:49 364] transport  801  net type:  standard  
[2016/03/15 16:29:49 365] transport  802  net operator:  def  
[2016/03/15 16:29:49 365] transport  803  use proxy:  false  
[2016/03/15 16:29:49 371] network    85   ipfromenv ,  ipcache  dev.voicecloud.cn  def  117.121.21.147  
[2016/03/15 16:29:49 371] transport  998  using cached ip:  117.121.21.147  
[2016/03/15 16:29:49 372] transport  1033 ns_i =  nil  
[2016/03/15 16:29:49 372] transport  1108 [soc] connect   117.121.21.147  80  
[2016/03/15 16:29:49 379] tts        604  TTS_MSG_SSE  
[2016/03/15 16:29:49 379] tts        578  sse|use cloud  
[2016/03/15 16:29:49 380] tts_cloud  1220 TTS_MSG_SSE_CLOUD  
[2016/03/15 16:29:49 381] tts_cloud  791  tts session info  
