============================================================
Time  2016/03/15 16:04:25 356 
============================================================
[2016/03/15 16:04:25 357] tts        620  SYS_MSG_REGCB param0 =  msp_status_cb  param1 =  func(75a7d648) 
[2016/03/15 16:04:25 363] config     16   now we use general cloud  
[2016/03/15 16:04:25 386] tts_cloud  1327 SYS_MSG_REGCB_CLOUD param0 =   msp_status_cb  param1 =  func(75a7d648) 
[2016/03/15 16:04:25 387] tts        593  TTS_MSG_SSB  
[2016/03/15 16:04:25 388] tts        446  ssb|use cloud  
[2016/03/15 16:04:25 388] tts_cloud  1298 SYS_MSG_LOAD_CLOUD  
[2016/03/15 16:04:25 389] tts_cloud  899  TTS_MSG_SSB_CLOUD  
[2016/03/15 16:04:25 389] tts_cloud  919  tts  ctts1P1HHBHbgGlWHuqRsaaa2x1pMlgzlPJ  268436457  1428405388  
[2016/03/15 16:04:25 392] tts_cloud  965  not login!  
[2016/03/15 16:04:25 398] tts_cloud  1092 TTS_MSG_SSB | aue=  speex-wb;7   auf=  audio/L16;rate=16000  
[2016/03/15 16:04:25 399] tts_cloud  1102 User set url is   nil  
[2016/03/15 16:04:25 400] transport  596  paramkvsport is   nil  
[2016/03/15 16:04:25 401] transport  801  net type:  standard  
[2016/03/15 16:04:25 402] transport  802  net operator:  def  
[2016/03/15 16:04:25 402] transport  803  use proxy:  false  
[2016/03/15 16:04:25 407] network    85   ipfromenv ,  ipcache  dev.voicecloud.cn  def  116.213.69.200  
[2016/03/15 16:04:25 408] transport  998  using cached ip:  116.213.69.200  
[2016/03/15 16:04:25 408] transport  1033 ns_i =  nil  
[2016/03/15 16:04:25 408] transport  1108 [soc] connect   116.213.69.200  80  
[2016/03/15 16:04:25 417] tts        604  TTS_MSG_SSE  
[2016/03/15 16:04:25 417] tts        578  sse|use cloud  
[2016/03/15 16:04:25 417] tts_cloud  1220 TTS_MSG_SSE_CLOUD  
[2016/03/15 16:04:25 418] tts_cloud  791  tts session info  
