============================================================
Time  2016/03/14 20:56:44 363 
============================================================
[2016/03/14 20:56:44 365] tts        620  SYS_MSG_REGCB param0 =  msp_status_cb  param1 =  func(74812160) 
[2016/03/14 20:56:44 372] config     16   now we use general cloud  
[2016/03/14 20:56:44 386] tts_cloud  1327 SYS_MSG_REGCB_CLOUD param0 =   msp_status_cb  param1 =  func(74812160) 
[2016/03/14 20:56:44 388] tts        593  TTS_MSG_SSB  
[2016/03/14 20:56:44 389] tts        446  ssb|use cloud  
[2016/03/14 20:56:44 389] tts_cloud  1298 SYS_MSG_LOAD_CLOUD  
[2016/03/14 20:56:44 394] tts_cloud  899  TTS_MSG_SSB_CLOUD  
[2016/03/14 20:56:44 395] tts_cloud  919  tts  ctts1PdHHBHbgFrBrv11aakHWu7u1sbBJy  268436457  1428405388  
[2016/03/14 20:56:44 397] tts_cloud  965  not login!  
[2016/03/14 20:56:44 399] tts_cloud  1092 TTS_MSG_SSB | aue=  speex-wb;7   auf=  audio/L16;rate=16000  
[2016/03/14 20:56:44 400] tts_cloud  1102 User set url is   nil  
[2016/03/14 20:56:44 401] transport  596  paramkvsport is   nil  
[2016/03/14 20:56:44 403] transport  801  net type:  standard  
[2016/03/14 20:56:44 403] transport  802  net operator:  def  
[2016/03/14 20:56:44 403] transport  803  use proxy:  false  
[2016/03/14 20:56:44 409] network    85   ipfromenv ,  ipcache  dev.voicecloud.cn  def  nil  
[2016/03/14 20:56:44 409] transport  1033 ns_i =  nil  
[2016/03/14 20:56:44 413] tts        604  TTS_MSG_SSE  
[2016/03/14 20:56:44 413] tts        578  sse|use cloud  
[2016/03/14 20:56:44 413] tts_cloud  1220 TTS_MSG_SSE_CLOUD  
[2016/03/14 20:56:44 413] tts_cloud  791  tts session info  
