============================================================
Time  2016/03/15 16:17:00 130 
============================================================
[2016/03/15 16:17:00 131] tts        620  SYS_MSG_REGCB param0 =  msp_status_cb  param1 =  func(736765d8) 
[2016/03/15 16:17:00 138] config     16   now we use general cloud  
[2016/03/15 16:17:00 153] tts_cloud  1327 SYS_MSG_REGCB_CLOUD param0 =   msp_status_cb  param1 =  func(736765d8) 
[2016/03/15 16:17:00 154] tts        593  TTS_MSG_SSB  
[2016/03/15 16:17:00 155] tts        446  ssb|use cloud  
[2016/03/15 16:17:00 156] tts_cloud  1298 SYS_MSG_LOAD_CLOUD  
[2016/03/15 16:17:00 156] tts_cloud  899  TTS_MSG_SSB_CLOUD  
[2016/03/15 16:17:00 157] tts_cloud  919  tts  ctts1P1HHBHbgGMGHEF59aaP8u5qPBxeCjd  268436457  1428405388  
[2016/03/15 16:17:00 158] tts_cloud  965  not login!  
[2016/03/15 16:17:00 160] tts_cloud  1092 TTS_MSG_SSB | aue=  speex-wb;7   auf=  audio/L16;rate=16000  
[2016/03/15 16:17:00 161] tts_cloud  1102 User set url is   nil  
[2016/03/15 16:17:00 162] transport  596  paramkvsport is   nil  
[2016/03/15 16:17:00 162] transport  801  net type:  standard  
[2016/03/15 16:17:00 162] transport  802  net operator:  def  
[2016/03/15 16:17:00 163] transport  803  use proxy:  false  
[2016/03/15 16:17:00 169] network    85   ipfromenv ,  ipcache  dev.voicecloud.cn  def  117.121.21.147  
[2016/03/15 16:17:00 169] transport  998  using cached ip:  117.121.21.147  
[2016/03/15 16:17:00 170] transport  1033 ns_i =  nil  
[2016/03/15 16:17:00 170] transport  1108 [soc] connect   117.121.21.147  80  
[2016/03/15 16:17:00 182] tts        604  TTS_MSG_SSE  
[2016/03/15 16:17:00 183] tts        578  sse|use cloud  
[2016/03/15 16:17:00 183] tts_cloud  1220 TTS_MSG_SSE_CLOUD  
[2016/03/15 16:17:00 184] tts_cloud  791  tts session info  
[2016/03/15 16:17:00 203] tts        611  SYS_MSG_UNLOAD  
